This is XeTeX, Version 3.141592653-2.6-0.999996 (TeX Live 2024) (preloaded format=xelatex 2024.10.24)  28 OCT 2024 09:35
entering extended mode
 restricted \write18 enabled.
 %&-line parsing enabled.
**r_plotting_review.tex
(./r_plotting_review.tex
LaTeX2e <2024-06-01> patch level 2
L3 programming layer <2024-10-09>
(/Users/davpero/Library/TinyTeX/texmf-dist/tex/latex/base/book.cls
Document Class: book 2024/02/08 v1.4n Standard LaTeX document class
(/Users/davpero/Library/TinyTeX/texmf-dist/tex/latex/base/bk10.clo
File: bk10.clo 2024/02/08 v1.4n Standard LaTeX file (size option)
)
\c@part=\count190
\c@chapter=\count191
\c@section=\count192
\c@subsection=\count193
\c@subsubsection=\count194
\c@paragraph=\count195
\c@subparagraph=\count196
\c@figure=\count197
\c@table=\count198
\abovecaptionskip=\skip49
\belowcaptionskip=\skip50
\bibindent=\dimen141
) (/Users/davpero/Library/TinyTeX/texmf-dist/tex/latex/amsmath/amsmath.sty
Package: amsmath 2024/05/23 v2.17q AMS math features
\@mathmargin=\skip51
For additional information on amsmath, use the `?' option.
(/Users/davpero/Library/TinyTeX/texmf-dist/tex/latex/amsmath/amstext.sty
Package: amstext 2021/08/26 v2.01 AMS text
(/Users/davpero/Library/TinyTeX/texmf-dist/tex/latex/amsmath/amsgen.sty
File: amsgen.sty 1999/11/30 v2.0 generic functions
\@emptytoks=\toks17
\ex@=\dimen142
)) (/Users/davpero/Library/TinyTeX/texmf-dist/tex/latex/amsmath/amsbsy.sty
Package: amsbsy 1999/11/29 v1.2d Bold Symbols
\pmbraise@=\dimen143
) (/Users/davpero/Library/TinyTeX/texmf-dist/tex/latex/amsmath/amsopn.sty
Package: amsopn 2022/04/08 v2.04 operator names
)
\inf@bad=\count199
LaTeX Info: Redefining \frac on input line 233.
\uproot@=\count266
\leftroot@=\count267
LaTeX Info: Redefining \overline on input line 398.
LaTeX Info: Redefining \colon on input line 409.
\classnum@=\count268
\DOTSCASE@=\count269
LaTeX Info: Redefining \ldots on input line 495.
LaTeX Info: Redefining \dots on input line 498.
LaTeX Info: Redefining \cdots on input line 619.
\Mathstrutbox@=\box52
\strutbox@=\box53
LaTeX Info: Redefining \big on input line 721.
LaTeX Info: Redefining \Big on input line 722.
LaTeX Info: Redefining \bigg on input line 723.
LaTeX Info: Redefining \Bigg on input line 724.
\big@size=\dimen144
LaTeX Font Info:    Redeclaring font encoding OML on input line 742.
LaTeX Font Info:    Redeclaring font encoding OMS on input line 743.
\macc@depth=\count270
LaTeX Info: Redefining \bmod on input line 904.
LaTeX Info: Redefining \pmod on input line 909.
LaTeX Info: Redefining \smash on input line 939.
LaTeX Info: Redefining \relbar on input line 969.
LaTeX Info: Redefining \Relbar on input line 970.
\c@MaxMatrixCols=\count271
\dotsspace@=\muskip17
\c@parentequation=\count272
\dspbrk@lvl=\count273
\tag@help=\toks18
\row@=\count274
\column@=\count275
\maxfields@=\count276
\andhelp@=\toks19
\eqnshift@=\dimen145
\alignsep@=\dimen146
\tagshift@=\dimen147
\tagwidth@=\dimen148
\totwidth@=\dimen149
\lineht@=\dimen150
\@envbody=\toks20
\multlinegap=\skip52
\multlinetaggap=\skip53
\mathdisplay@stack=\toks21
LaTeX Info: Redefining \[ on input line 2953.
LaTeX Info: Redefining \] on input line 2954.
) (/Users/davpero/Library/TinyTeX/texmf-dist/tex/latex/amsfonts/amssymb.sty
Package: amssymb 2013/01/14 v3.01 AMS font symbols
(/Users/davpero/Library/TinyTeX/texmf-dist/tex/latex/amsfonts/amsfonts.sty
Package: amsfonts 2013/01/14 v3.01 Basic AMSFonts support
\symAMSa=\mathgroup4
\symAMSb=\mathgroup5
LaTeX Font Info:    Redeclaring math symbol \hbar on input line 98.
LaTeX Font Info:    Overwriting math alphabet `\mathfrak' in version `bold'
(Font)                  U/euf/m/n --> U/euf/b/n on input line 106.
)) (/Users/davpero/Library/TinyTeX/texmf-dist/tex/generic/iftex/iftex.sty
Package: iftex 2022/02/03 v1.0f TeX engine tests
) (/Users/davpero/Library/TinyTeX/texmf-dist/tex/latex/unicode-math/unicode-math.sty (/Users/davpero/Library/TinyTeX/texmf-dist/tex/latex/l3kernel/expl3.sty
Package: expl3 2024-10-09 L3 programming layer (loader) 
(/Users/davpero/Library/TinyTeX/texmf-dist/tex/latex/l3backend/l3backend-xetex.def
File: l3backend-xetex.def 2024-05-08 L3 backend support: XeTeX
\g__graphics_track_int=\count277
\l__pdf_internal_box=\box54
\g__pdf_backend_annotation_int=\count278
\g__pdf_backend_link_int=\count279
))
Package: unicode-math 2023/08/13 v0.8r Unicode maths in XeLaTeX and LuaLaTeX
(/Users/davpero/Library/TinyTeX/texmf-dist/tex/latex/unicode-math/unicode-math-xetex.sty
Package: unicode-math-xetex 2023/08/13 v0.8r Unicode maths in XeLaTeX and LuaLaTeX
(/Users/davpero/Library/TinyTeX/texmf-dist/tex/latex/l3packages/xparse/xparse.sty
Package: xparse 2024-08-16 L3 Experimental document command parser
) (/Users/davpero/Library/TinyTeX/texmf-dist/tex/latex/l3packages/l3keys2e/l3keys2e.sty
Package: l3keys2e 2024-08-16 LaTeX2e option processing using LaTeX3 keys
) (/Users/davpero/Library/TinyTeX/texmf-dist/tex/latex/fontspec/fontspec.sty
Package: fontspec 2024/05/11 v2.9e Font selection for XeLaTeX and LuaLaTeX
(/Users/davpero/Library/TinyTeX/texmf-dist/tex/latex/fontspec/fontspec-xetex.sty
Package: fontspec-xetex 2024/05/11 v2.9e Font selection for XeLaTeX and LuaLaTeX
\l__fontspec_script_int=\count280
\l__fontspec_language_int=\count281
\l__fontspec_strnum_int=\count282
\l__fontspec_tmp_int=\count283
\l__fontspec_tmpa_int=\count284
\l__fontspec_tmpb_int=\count285
\l__fontspec_tmpc_int=\count286
\l__fontspec_em_int=\count287
\l__fontspec_emdef_int=\count288
\l__fontspec_strong_int=\count289
\l__fontspec_strongdef_int=\count290
\l__fontspec_tmpa_dim=\dimen151
\l__fontspec_tmpb_dim=\dimen152
\l__fontspec_tmpc_dim=\dimen153
(/Users/davpero/Library/TinyTeX/texmf-dist/tex/latex/base/fontenc.sty
Package: fontenc 2021/04/29 v2.0v Standard LaTeX package
) (/Users/davpero/Library/TinyTeX/texmf-dist/tex/latex/fontspec/fontspec.cfg))) (/Users/davpero/Library/TinyTeX/texmf-dist/tex/latex/base/fix-cm.sty
Package: fix-cm 2020/11/24 v1.1t fixes to LaTeX
(/Users/davpero/Library/TinyTeX/texmf-dist/tex/latex/base/ts1enc.def
File: ts1enc.def 2001/06/05 v3.0e (jk/car/fm) Standard LaTeX file
LaTeX Font Info:    Redeclaring font encoding TS1 on input line 47.
))
\g__um_fam_int=\count291
\g__um_fonts_used_int=\count292
\l__um_primecount_int=\count293
\g__um_primekern_muskip=\muskip18
(/Users/davpero/Library/TinyTeX/texmf-dist/tex/latex/unicode-math/unicode-math-table.tex))) (/Users/davpero/Library/TinyTeX/texmf-dist/tex/latex/lm/lmodern.sty
Package: lmodern 2015/05/01 v1.6.1 Latin Modern Fonts
LaTeX Font Info:    Overwriting symbol font `operators' in version `normal'
(Font)                  OT1/cmr/m/n --> OT1/lmr/m/n on input line 22.
LaTeX Font Info:    Overwriting symbol font `letters' in version `normal'
(Font)                  OML/cmm/m/it --> OML/lmm/m/it on input line 23.
LaTeX Font Info:    Overwriting symbol font `symbols' in version `normal'
(Font)                  OMS/cmsy/m/n --> OMS/lmsy/m/n on input line 24.
LaTeX Font Info:    Overwriting symbol font `largesymbols' in version `normal'
(Font)                  OMX/cmex/m/n --> OMX/lmex/m/n on input line 25.
LaTeX Font Info:    Overwriting symbol font `operators' in version `bold'
(Font)                  OT1/cmr/bx/n --> OT1/lmr/bx/n on input line 26.
LaTeX Font Info:    Overwriting symbol font `letters' in version `bold'
(Font)                  OML/cmm/b/it --> OML/lmm/b/it on input line 27.
LaTeX Font Info:    Overwriting symbol font `symbols' in version `bold'
(Font)                  OMS/cmsy/b/n --> OMS/lmsy/b/n on input line 28.
LaTeX Font Info:    Overwriting symbol font `largesymbols' in version `bold'
(Font)                  OMX/cmex/m/n --> OMX/lmex/m/n on input line 29.
LaTeX Font Info:    Overwriting math alphabet `\mathbf' in version `normal'
(Font)                  OT1/cmr/bx/n --> OT1/lmr/bx/n on input line 31.
LaTeX Font Info:    Overwriting math alphabet `\mathsf' in version `normal'
(Font)                  OT1/cmss/m/n --> OT1/lmss/m/n on input line 32.
LaTeX Font Info:    Overwriting math alphabet `\mathit' in version `normal'
(Font)                  OT1/cmr/m/it --> OT1/lmr/m/it on input line 33.
LaTeX Font Info:    Overwriting math alphabet `\mathtt' in version `normal'
(Font)                  OT1/cmtt/m/n --> OT1/lmtt/m/n on input line 34.
LaTeX Font Info:    Overwriting math alphabet `\mathbf' in version `bold'
(Font)                  OT1/cmr/bx/n --> OT1/lmr/bx/n on input line 35.
LaTeX Font Info:    Overwriting math alphabet `\mathsf' in version `bold'
(Font)                  OT1/cmss/bx/n --> OT1/lmss/bx/n on input line 36.
LaTeX Font Info:    Overwriting math alphabet `\mathit' in version `bold'
(Font)                  OT1/cmr/bx/it --> OT1/lmr/bx/it on input line 37.
LaTeX Font Info:    Overwriting math alphabet `\mathtt' in version `bold'
(Font)                  OT1/cmtt/m/n --> OT1/lmtt/m/n on input line 38.
) (/Users/davpero/Library/TinyTeX/texmf-dist/tex/latex/xcolor/xcolor.sty
Package: xcolor 2024/09/29 v3.02 LaTeX color extensions (UK)
(/Users/davpero/Library/TinyTeX/texmf-dist/tex/latex/graphics-cfg/color.cfg
File: color.cfg 2016/01/02 v1.6 sample color configuration
)
Package xcolor Info: Driver file: xetex.def on input line 274.
(/Users/davpero/Library/TinyTeX/texmf-dist/tex/latex/graphics-def/xetex.def
File: xetex.def 2022/09/22 v5.0n Graphics/color driver for xetex
) (/Users/davpero/Library/TinyTeX/texmf-dist/tex/latex/graphics/mathcolor.ltx)
Package xcolor Info: Model `cmy' substituted by `cmy0' on input line 1349.
Package xcolor Info: Model `RGB' extended on input line 1365.
Package xcolor Info: Model `HTML' substituted by `rgb' on input line 1367.
Package xcolor Info: Model `Hsb' substituted by `hsb' on input line 1368.
Package xcolor Info: Model `tHsb' substituted by `hsb' on input line 1369.
Package xcolor Info: Model `HSB' substituted by `hsb' on input line 1370.
Package xcolor Info: Model `Gray' substituted by `gray' on input line 1371.
Package xcolor Info: Model `wave' substituted by `hsb' on input line 1372.
) (/Users/davpero/Library/TinyTeX/texmf-dist/tex/latex/graphics/dvipsnam.def
File: dvipsnam.def 2016/06/17 v3.0m Driver-dependent file (DPC,SPQR)
) (/Users/davpero/Library/TinyTeX/texmf-dist/tex/latex/xcolor/svgnam.def
File: svgnam.def 2024/09/29 v3.02 Predefined colors according to SVG 1.1 (UK)
) (/Users/davpero/Library/TinyTeX/texmf-dist/tex/latex/xcolor/x11nam.def
File: x11nam.def 2024/09/29 v3.02 Predefined colors according to Unix/X11 (UK)
) (/Users/davpero/Library/TinyTeX/texmf-dist/tex/latex/fancyvrb/fancyvrb.sty
Package: fancyvrb 2024/01/20 4.5c verbatim text (tvz,hv)
(/Users/davpero/Library/TinyTeX/texmf-dist/tex/latex/graphics/keyval.sty
Package: keyval 2022/05/29 v1.15 key=value parser (DPC)
\KV@toks@=\toks22
)
\FV@CodeLineNo=\count294
\FV@InFile=\read2
\FV@TabBox=\box55
\c@FancyVerbLine=\count295
\FV@StepNumber=\count296
\FV@OutFile=\write3
) (/Users/davpero/Library/TinyTeX/texmf-dist/tex/latex/framed/framed.sty
Package: framed 2011/10/22 v 0.96: framed or shaded text with page breaks
\OuterFrameSep=\skip54
\fb@frw=\dimen154
\fb@frh=\dimen155
\FrameRule=\dimen156
\FrameSep=\dimen157
) (/Users/davpero/Library/TinyTeX/texmf-dist/tex/latex/tools/longtable.sty
Package: longtable 2024-04-26 v4.20 Multi-page Table package (DPC)
\LTleft=\skip55
\LTright=\skip56
\LTpre=\skip57
\LTpost=\skip58
\LTchunksize=\count297
\LTcapwidth=\dimen158
\LT@head=\box56
\LT@firsthead=\box57
\LT@foot=\box58
\LT@lastfoot=\box59
\LT@gbox=\box60
\LT@cols=\count298
\LT@rows=\count299
\c@LT@tables=\count300
\c@LT@chunks=\count301
\LT@p@ftn=\toks23
) (/Users/davpero/Library/TinyTeX/texmf-dist/tex/latex/booktabs/booktabs.sty
Package: booktabs 2020/01/12 v1.61803398 Publication quality tables
\heavyrulewidth=\dimen159
\lightrulewidth=\dimen160
\cmidrulewidth=\dimen161
\belowrulesep=\dimen162
\belowbottomsep=\dimen163
\aboverulesep=\dimen164
\abovetopsep=\dimen165
\cmidrulesep=\dimen166
\cmidrulekern=\dimen167
\defaultaddspace=\dimen168
\@cmidla=\count302
\@cmidlb=\count303
\@aboverulesep=\dimen169
\@belowrulesep=\dimen170
\@thisruleclass=\count304
\@lastruleclass=\count305
\@thisrulewidth=\dimen171
) (/Users/davpero/Library/TinyTeX/texmf-dist/tex/latex/tools/array.sty
Package: array 2024/06/14 v2.6d Tabular extension package (FMi)
\col@sep=\dimen172
\ar@mcellbox=\box61
\extrarowheight=\dimen173
\NC@list=\toks24
\extratabsurround=\skip59
\backup@length=\skip60
\ar@cellbox=\box62
) (/Users/davpero/Library/TinyTeX/texmf-dist/tex/latex/tools/calc.sty
Package: calc 2023/07/08 v4.3 Infix arithmetic (KKT,FJ)
\calc@Acount=\count306
\calc@Bcount=\count307
\calc@Adimen=\dimen174
\calc@Bdimen=\dimen175
\calc@Askip=\skip61
\calc@Bskip=\skip62
LaTeX Info: Redefining \setlength on input line 80.
LaTeX Info: Redefining \addtolength on input line 81.
\calc@Ccount=\count308
\calc@Cskip=\skip63
) (/Users/davpero/Library/TinyTeX/texmf-dist/tex/latex/etoolbox/etoolbox.sty
Package: etoolbox 2020/10/05 v2.5k e-TeX tools for LaTeX (JAW)
\etb@tempcnta=\count309
) (/Users/davpero/Library/TinyTeX/texmf-dist/tex/latex/mdwtools/footnote.sty
Package: footnote 1997/01/28 1.13 Save footnotes around boxes
\fn@notes=\box63
\fn@width=\dimen176
) (/Users/davpero/Library/TinyTeX/texmf-dist/tex/latex/graphics/graphicx.sty
Package: graphicx 2021/09/16 v1.2d Enhanced LaTeX Graphics (DPC,SPQR)
(/Users/davpero/Library/TinyTeX/texmf-dist/tex/latex/graphics/graphics.sty
Package: graphics 2024/05/23 v1.4g Standard LaTeX Graphics (DPC,SPQR)
(/Users/davpero/Library/TinyTeX/texmf-dist/tex/latex/graphics/trig.sty
Package: trig 2023/12/02 v1.11 sin cos tan (DPC)
) (/Users/davpero/Library/TinyTeX/texmf-dist/tex/latex/graphics-cfg/graphics.cfg
File: graphics.cfg 2016/06/04 v1.11 sample graphics configuration
)
Package graphics Info: Driver file: xetex.def on input line 106.
)
\Gin@req@height=\dimen177
\Gin@req@width=\dimen178
) (/Users/davpero/Library/TinyTeX/texmf-dist/tex/latex/titling/titling.sty
Package: titling 2009/09/04 v2.1d maketitle typesetting
\thanksmarkwidth=\skip64
\thanksmargin=\skip65
\droptitle=\skip66
) (/Users/davpero/Library/TinyTeX/texmf-dist/tex/latex/geometry/geometry.sty
Package: geometry 2020/01/02 v5.9 Page Geometry
(/Users/davpero/Library/TinyTeX/texmf-dist/tex/generic/iftex/ifvtex.sty
Package: ifvtex 2019/10/25 v1.7 ifvtex legacy package. Use iftex instead.
)
\Gm@cnth=\count310
\Gm@cntv=\count311
\c@Gm@tempcnt=\count312
\Gm@bindingoffset=\dimen179
\Gm@wd@mp=\dimen180
\Gm@odd@mp=\dimen181
\Gm@even@mp=\dimen182
\Gm@layoutwidth=\dimen183
\Gm@layoutheight=\dimen184
\Gm@layouthoffset=\dimen185
\Gm@layoutvoffset=\dimen186
\Gm@dimlist=\toks25
) (/Users/davpero/Library/TinyTeX/texmf-dist/tex/latex/sectsty/sectsty.sty
Package: sectsty 2002/02/25 v2.0.2 Commands to change all sectional heading styles

LaTeX Warning: Command \underbar  has changed.
               Check if current package is valid.


LaTeX Warning: Command \underline  has changed.
               Check if current package is valid.

) (/Users/davpero/Library/TinyTeX/texmf-dist/tex/latex/tcolorbox/tcolorbox.sty
Package: tcolorbox 2024/10/22 version 6.4.1 text color boxes
(/Users/davpero/Library/TinyTeX/texmf-dist/tex/latex/pgf/frontendlayer/tikz.sty (/Users/davpero/Library/TinyTeX/texmf-dist/tex/latex/pgf/basiclayer/pgf.sty (/Users/davpero/Library/TinyTeX/texmf-dist/tex/latex/pgf/utilities/pgfrcs.sty (/Users/davpero/Library/TinyTeX/texmf-dist/tex/generic/pgf/utilities/pgfutil-common.tex
\pgfutil@everybye=\toks26
\pgfutil@tempdima=\dimen187
\pgfutil@tempdimb=\dimen188
) (/Users/davpero/Library/TinyTeX/texmf-dist/tex/generic/pgf/utilities/pgfutil-latex.def
\pgfutil@abb=\box64
) (/Users/davpero/Library/TinyTeX/texmf-dist/tex/generic/pgf/utilities/pgfrcs.code.tex (/Users/davpero/Library/TinyTeX/texmf-dist/tex/generic/pgf/pgf.revision.tex)
Package: pgfrcs 2023-01-15 v3.1.10 (3.1.10)
))
Package: pgf 2023-01-15 v3.1.10 (3.1.10)
(/Users/davpero/Library/TinyTeX/texmf-dist/tex/latex/pgf/basiclayer/pgfcore.sty (/Users/davpero/Library/TinyTeX/texmf-dist/tex/latex/pgf/systemlayer/pgfsys.sty (/Users/davpero/Library/TinyTeX/texmf-dist/tex/generic/pgf/systemlayer/pgfsys.code.tex
Package: pgfsys 2023-01-15 v3.1.10 (3.1.10)
(/Users/davpero/Library/TinyTeX/texmf-dist/tex/generic/pgf/utilities/pgfkeys.code.tex
\pgfkeys@pathtoks=\toks27
\pgfkeys@temptoks=\toks28
(/Users/davpero/Library/TinyTeX/texmf-dist/tex/generic/pgf/utilities/pgfkeyslibraryfiltered.code.tex
\pgfkeys@tmptoks=\toks29
))
\pgf@x=\dimen189
\pgf@y=\dimen190
\pgf@xa=\dimen191
\pgf@ya=\dimen192
\pgf@xb=\dimen193
\pgf@yb=\dimen194
\pgf@xc=\dimen195
\pgf@yc=\dimen196
\pgf@xd=\dimen197
\pgf@yd=\dimen198
\w@pgf@writea=\write4
\r@pgf@reada=\read3
\c@pgf@counta=\count313
\c@pgf@countb=\count314
\c@pgf@countc=\count315
\c@pgf@countd=\count316
\t@pgf@toka=\toks30
\t@pgf@tokb=\toks31
\t@pgf@tokc=\toks32
\pgf@sys@id@count=\count317
(/Users/davpero/Library/TinyTeX/texmf-dist/tex/generic/pgf/systemlayer/pgf.cfg
File: pgf.cfg 2023-01-15 v3.1.10 (3.1.10)
)
Driver file for pgf: pgfsys-xetex.def
(/Users/davpero/Library/TinyTeX/texmf-dist/tex/generic/pgf/systemlayer/pgfsys-xetex.def
File: pgfsys-xetex.def 2023-01-15 v3.1.10 (3.1.10)
(/Users/davpero/Library/TinyTeX/texmf-dist/tex/generic/pgf/systemlayer/pgfsys-dvipdfmx.def
File: pgfsys-dvipdfmx.def 2023-01-15 v3.1.10 (3.1.10)
(/Users/davpero/Library/TinyTeX/texmf-dist/tex/generic/pgf/systemlayer/pgfsys-common-pdf.def
File: pgfsys-common-pdf.def 2023-01-15 v3.1.10 (3.1.10)
)
\pgfsys@objnum=\count318
))) (/Users/davpero/Library/TinyTeX/texmf-dist/tex/generic/pgf/systemlayer/pgfsyssoftpath.code.tex
File: pgfsyssoftpath.code.tex 2023-01-15 v3.1.10 (3.1.10)
\pgfsyssoftpath@smallbuffer@items=\count319
\pgfsyssoftpath@bigbuffer@items=\count320
) (/Users/davpero/Library/TinyTeX/texmf-dist/tex/generic/pgf/systemlayer/pgfsysprotocol.code.tex
File: pgfsysprotocol.code.tex 2023-01-15 v3.1.10 (3.1.10)
)) (/Users/davpero/Library/TinyTeX/texmf-dist/tex/generic/pgf/basiclayer/pgfcore.code.tex
Package: pgfcore 2023-01-15 v3.1.10 (3.1.10)
(/Users/davpero/Library/TinyTeX/texmf-dist/tex/generic/pgf/math/pgfmath.code.tex (/Users/davpero/Library/TinyTeX/texmf-dist/tex/generic/pgf/math/pgfmathutil.code.tex) (/Users/davpero/Library/TinyTeX/texmf-dist/tex/generic/pgf/math/pgfmathparser.code.tex
\pgfmath@dimen=\dimen199
\pgfmath@count=\count321
\pgfmath@box=\box65
\pgfmath@toks=\toks33
\pgfmath@stack@operand=\toks34
\pgfmath@stack@operation=\toks35
) (/Users/davpero/Library/TinyTeX/texmf-dist/tex/generic/pgf/math/pgfmathfunctions.code.tex) (/Users/davpero/Library/TinyTeX/texmf-dist/tex/generic/pgf/math/pgfmathfunctions.basic.code.tex) (/Users/davpero/Library/TinyTeX/texmf-dist/tex/generic/pgf/math/pgfmathfunctions.trigonometric.code.tex) (/Users/davpero/Library/TinyTeX/texmf-dist/tex/generic/pgf/math/pgfmathfunctions.random.code.tex) (/Users/davpero/Library/TinyTeX/texmf-dist/tex/generic/pgf/math/pgfmathfunctions.comparison.code.tex) (/Users/davpero/Library/TinyTeX/texmf-dist/tex/generic/pgf/math/pgfmathfunctions.base.code.tex) (/Users/davpero/Library/TinyTeX/texmf-dist/tex/generic/pgf/math/pgfmathfunctions.round.code.tex) (/Users/davpero/Library/TinyTeX/texmf-dist/tex/generic/pgf/math/pgfmathfunctions.misc.code.tex) (/Users/davpero/Library/TinyTeX/texmf-dist/tex/generic/pgf/math/pgfmathfunctions.integerarithmetics.code.tex) (/Users/davpero/Library/TinyTeX/texmf-dist/tex/generic/pgf/math/pgfmathcalc.code.tex) (/Users/davpero/Library/TinyTeX/texmf-dist/tex/generic/pgf/math/pgfmathfloat.code.tex
\c@pgfmathroundto@lastzeros=\count322
)) (/Users/davpero/Library/TinyTeX/texmf-dist/tex/generic/pgf/math/pgfint.code.tex) (/Users/davpero/Library/TinyTeX/texmf-dist/tex/generic/pgf/basiclayer/pgfcorepoints.code.tex
File: pgfcorepoints.code.tex 2023-01-15 v3.1.10 (3.1.10)
\pgf@picminx=\dimen256
\pgf@picmaxx=\dimen257
\pgf@picminy=\dimen258
\pgf@picmaxy=\dimen259
\pgf@pathminx=\dimen260
\pgf@pathmaxx=\dimen261
\pgf@pathminy=\dimen262
\pgf@pathmaxy=\dimen263
\pgf@xx=\dimen264
\pgf@xy=\dimen265
\pgf@yx=\dimen266
\pgf@yy=\dimen267
\pgf@zx=\dimen268
\pgf@zy=\dimen269
) (/Users/davpero/Library/TinyTeX/texmf-dist/tex/generic/pgf/basiclayer/pgfcorepathconstruct.code.tex
File: pgfcorepathconstruct.code.tex 2023-01-15 v3.1.10 (3.1.10)
\pgf@path@lastx=\dimen270
\pgf@path@lasty=\dimen271
) (/Users/davpero/Library/TinyTeX/texmf-dist/tex/generic/pgf/basiclayer/pgfcorepathusage.code.tex
File: pgfcorepathusage.code.tex 2023-01-15 v3.1.10 (3.1.10)
\pgf@shorten@end@additional=\dimen272
\pgf@shorten@start@additional=\dimen273
) (/Users/davpero/Library/TinyTeX/texmf-dist/tex/generic/pgf/basiclayer/pgfcorescopes.code.tex
File: pgfcorescopes.code.tex 2023-01-15 v3.1.10 (3.1.10)
\pgfpic=\box66
\pgf@hbox=\box67
\pgf@layerbox@main=\box68
\pgf@picture@serial@count=\count323
) (/Users/davpero/Library/TinyTeX/texmf-dist/tex/generic/pgf/basiclayer/pgfcoregraphicstate.code.tex
File: pgfcoregraphicstate.code.tex 2023-01-15 v3.1.10 (3.1.10)
\pgflinewidth=\dimen274
) (/Users/davpero/Library/TinyTeX/texmf-dist/tex/generic/pgf/basiclayer/pgfcoretransformations.code.tex
File: pgfcoretransformations.code.tex 2023-01-15 v3.1.10 (3.1.10)
\pgf@pt@x=\dimen275
\pgf@pt@y=\dimen276
\pgf@pt@temp=\dimen277
) (/Users/davpero/Library/TinyTeX/texmf-dist/tex/generic/pgf/basiclayer/pgfcorequick.code.tex
File: pgfcorequick.code.tex 2023-01-15 v3.1.10 (3.1.10)
) (/Users/davpero/Library/TinyTeX/texmf-dist/tex/generic/pgf/basiclayer/pgfcoreobjects.code.tex
File: pgfcoreobjects.code.tex 2023-01-15 v3.1.10 (3.1.10)
) (/Users/davpero/Library/TinyTeX/texmf-dist/tex/generic/pgf/basiclayer/pgfcorepathprocessing.code.tex
File: pgfcorepathprocessing.code.tex 2023-01-15 v3.1.10 (3.1.10)
) (/Users/davpero/Library/TinyTeX/texmf-dist/tex/generic/pgf/basiclayer/pgfcorearrows.code.tex
File: pgfcorearrows.code.tex 2023-01-15 v3.1.10 (3.1.10)
\pgfarrowsep=\dimen278
) (/Users/davpero/Library/TinyTeX/texmf-dist/tex/generic/pgf/basiclayer/pgfcoreshade.code.tex
File: pgfcoreshade.code.tex 2023-01-15 v3.1.10 (3.1.10)
\pgf@max=\dimen279
\pgf@sys@shading@range@num=\count324
\pgf@shadingcount=\count325
) (/Users/davpero/Library/TinyTeX/texmf-dist/tex/generic/pgf/basiclayer/pgfcoreimage.code.tex
File: pgfcoreimage.code.tex 2023-01-15 v3.1.10 (3.1.10)
) (/Users/davpero/Library/TinyTeX/texmf-dist/tex/generic/pgf/basiclayer/pgfcoreexternal.code.tex
File: pgfcoreexternal.code.tex 2023-01-15 v3.1.10 (3.1.10)
\pgfexternal@startupbox=\box69
) (/Users/davpero/Library/TinyTeX/texmf-dist/tex/generic/pgf/basiclayer/pgfcorelayers.code.tex
File: pgfcorelayers.code.tex 2023-01-15 v3.1.10 (3.1.10)
) (/Users/davpero/Library/TinyTeX/texmf-dist/tex/generic/pgf/basiclayer/pgfcoretransparency.code.tex
File: pgfcoretransparency.code.tex 2023-01-15 v3.1.10 (3.1.10)
) (/Users/davpero/Library/TinyTeX/texmf-dist/tex/generic/pgf/basiclayer/pgfcorepatterns.code.tex
File: pgfcorepatterns.code.tex 2023-01-15 v3.1.10 (3.1.10)
) (/Users/davpero/Library/TinyTeX/texmf-dist/tex/generic/pgf/basiclayer/pgfcorerdf.code.tex
File: pgfcorerdf.code.tex 2023-01-15 v3.1.10 (3.1.10)
))) (/Users/davpero/Library/TinyTeX/texmf-dist/tex/generic/pgf/modules/pgfmoduleshapes.code.tex
File: pgfmoduleshapes.code.tex 2023-01-15 v3.1.10 (3.1.10)
\pgfnodeparttextbox=\box70
) (/Users/davpero/Library/TinyTeX/texmf-dist/tex/generic/pgf/modules/pgfmoduleplot.code.tex
File: pgfmoduleplot.code.tex 2023-01-15 v3.1.10 (3.1.10)
) (/Users/davpero/Library/TinyTeX/texmf-dist/tex/latex/pgf/compatibility/pgfcomp-version-0-65.sty
Package: pgfcomp-version-0-65 2023-01-15 v3.1.10 (3.1.10)
\pgf@nodesepstart=\dimen280
\pgf@nodesepend=\dimen281
) (/Users/davpero/Library/TinyTeX/texmf-dist/tex/latex/pgf/compatibility/pgfcomp-version-1-18.sty
Package: pgfcomp-version-1-18 2023-01-15 v3.1.10 (3.1.10)
)) (/Users/davpero/Library/TinyTeX/texmf-dist/tex/latex/pgf/utilities/pgffor.sty (/Users/davpero/Library/TinyTeX/texmf-dist/tex/latex/pgf/utilities/pgfkeys.sty (/Users/davpero/Library/TinyTeX/texmf-dist/tex/generic/pgf/utilities/pgfkeys.code.tex)) (/Users/davpero/Library/TinyTeX/texmf-dist/tex/latex/pgf/math/pgfmath.sty (/Users/davpero/Library/TinyTeX/texmf-dist/tex/generic/pgf/math/pgfmath.code.tex)) (/Users/davpero/Library/TinyTeX/texmf-dist/tex/generic/pgf/utilities/pgffor.code.tex
Package: pgffor 2023-01-15 v3.1.10 (3.1.10)
\pgffor@iter=\dimen282
\pgffor@skip=\dimen283
\pgffor@stack=\toks36
\pgffor@toks=\toks37
)) (/Users/davpero/Library/TinyTeX/texmf-dist/tex/generic/pgf/frontendlayer/tikz/tikz.code.tex
Package: tikz 2023-01-15 v3.1.10 (3.1.10)
(/Users/davpero/Library/TinyTeX/texmf-dist/tex/generic/pgf/libraries/pgflibraryplothandlers.code.tex
File: pgflibraryplothandlers.code.tex 2023-01-15 v3.1.10 (3.1.10)
\pgf@plot@mark@count=\count326
\pgfplotmarksize=\dimen284
)
\tikz@lastx=\dimen285
\tikz@lasty=\dimen286
\tikz@lastxsaved=\dimen287
\tikz@lastysaved=\dimen288
\tikz@lastmovetox=\dimen289
\tikz@lastmovetoy=\dimen290
\tikzleveldistance=\dimen291
\tikzsiblingdistance=\dimen292
\tikz@figbox=\box71
\tikz@figbox@bg=\box72
\tikz@tempbox=\box73
\tikz@tempbox@bg=\box74
\tikztreelevel=\count327
\tikznumberofchildren=\count328
\tikznumberofcurrentchild=\count329
\tikz@fig@count=\count330
(/Users/davpero/Library/TinyTeX/texmf-dist/tex/generic/pgf/modules/pgfmodulematrix.code.tex
File: pgfmodulematrix.code.tex 2023-01-15 v3.1.10 (3.1.10)
\pgfmatrixcurrentrow=\count331
\pgfmatrixcurrentcolumn=\count332
\pgf@matrix@numberofcolumns=\count333
)
\tikz@expandcount=\count334
(/Users/davpero/Library/TinyTeX/texmf-dist/tex/generic/pgf/frontendlayer/tikz/libraries/tikzlibrarytopaths.code.tex
File: tikzlibrarytopaths.code.tex 2023-01-15 v3.1.10 (3.1.10)
))) (/Users/davpero/Library/TinyTeX/texmf-dist/tex/latex/tools/verbatim.sty
Package: verbatim 2024-01-22 v1.5x LaTeX2e package for verbatim enhancements
\every@verbatim=\toks38
\verbatim@line=\toks39
\verbatim@in@stream=\read4
) (/Users/davpero/Library/TinyTeX/texmf-dist/tex/latex/environ/environ.sty
Package: environ 2014/05/04 v0.3 A new way to define environments
(/Users/davpero/Library/TinyTeX/texmf-dist/tex/latex/trimspaces/trimspaces.sty
Package: trimspaces 2009/09/17 v1.1 Trim spaces around a token list
))
\tcb@titlebox=\box75
\tcb@upperbox=\box76
\tcb@lowerbox=\box77
\tcb@phantombox=\box78
\c@tcbbreakpart=\count335
\c@tcblayer=\count336
\c@tcolorbox@number=\count337
\l__tcobox_tmpa_box=\box79
\l__tcobox_tmpa_dim=\dimen293
\tcb@temp=\box80
\tcb@temp=\box81
\tcb@temp=\box82
\tcb@temp=\box83
) (/Users/davpero/Library/TinyTeX/texmf-dist/tex/latex/biblatex/biblatex.sty
Package: biblatex 2024/03/21 v3.20 programmable bibliographies (PK/MW)
(/Users/davpero/Library/TinyTeX/texmf-dist/tex/generic/pdftexcmds/pdftexcmds.sty
Package: pdftexcmds 2020-06-27 v0.33 Utility functions of pdfTeX for LuaTeX (HO)
(/Users/davpero/Library/TinyTeX/texmf-dist/tex/generic/infwarerr/infwarerr.sty
Package: infwarerr 2019/12/03 v1.5 Providing info/warning/error messages (HO)
) (/Users/davpero/Library/TinyTeX/texmf-dist/tex/generic/ltxcmds/ltxcmds.sty
Package: ltxcmds 2023-12-04 v1.26 LaTeX kernel commands for general use (HO)
)
Package pdftexcmds Info: \pdf@primitive is available.
Package pdftexcmds Info: \pdf@ifprimitive is available.
Package pdftexcmds Info: \pdfdraftmode not found.
) (/Users/davpero/Library/TinyTeX/texmf-dist/tex/latex/kvoptions/kvoptions.sty
Package: kvoptions 2022-06-15 v3.15 Key value format for package options (HO)
(/Users/davpero/Library/TinyTeX/texmf-dist/tex/latex/kvsetkeys/kvsetkeys.sty
Package: kvsetkeys 2022-10-05 v1.19 Key value parser (HO)
)) (/Users/davpero/Library/TinyTeX/texmf-dist/tex/latex/logreq/logreq.sty
Package: logreq 2010/08/04 v1.0 xml request logger
\lrq@indent=\count338
(/Users/davpero/Library/TinyTeX/texmf-dist/tex/latex/logreq/logreq.def
File: logreq.def 2010/08/04 v1.0 logreq spec v1.0
)) (/Users/davpero/Library/TinyTeX/texmf-dist/tex/latex/base/ifthen.sty
Package: ifthen 2024/03/16 v1.1e Standard LaTeX ifthen package (DPC)
) (/Users/davpero/Library/TinyTeX/texmf-dist/tex/latex/url/url.sty
\Urlmuskip=\muskip19
Package: url 2013/09/16  ver 3.4  Verb mode for urls, etc.
)
\c@tabx@nest=\count339
\c@listtotal=\count340
\c@listcount=\count341
\c@liststart=\count342
\c@liststop=\count343
\c@citecount=\count344
\c@citetotal=\count345
\c@multicitecount=\count346
\c@multicitetotal=\count347
\c@instcount=\count348
\c@maxnames=\count349
\c@minnames=\count350
\c@maxitems=\count351
\c@minitems=\count352
\c@citecounter=\count353
\c@maxcitecounter=\count354
\c@savedcitecounter=\count355
\c@uniquelist=\count356
\c@uniquename=\count357
\c@refsection=\count358
\c@refsegment=\count359
\c@maxextratitle=\count360
\c@maxextratitleyear=\count361
\c@maxextraname=\count362
\c@maxextradate=\count363
\c@maxextraalpha=\count364
\c@abbrvpenalty=\count365
\c@highnamepenalty=\count366
\c@lownamepenalty=\count367
\c@maxparens=\count368
\c@parenlevel=\count369
\blx@tempcnta=\count370
\blx@tempcntb=\count371
\blx@tempcntc=\count372
\c@blx@maxsection=\count373
\blx@maxsegment@0=\count374
\blx@notetype=\count375
\blx@parenlevel@text=\count376
\blx@parenlevel@foot=\count377
\blx@sectionciteorder@0=\count378
\blx@sectionciteorderinternal@0=\count379
\blx@entrysetcounter=\count380
\blx@biblioinstance=\count381
\labelnumberwidth=\skip67
\labelalphawidth=\skip68
\biblabelsep=\skip69
\bibitemsep=\skip70
\bibnamesep=\skip71
\bibinitsep=\skip72
\bibparsep=\skip73
\bibhang=\skip74
\blx@bcfin=\read5
\blx@bcfout=\write5
\blx@langwohyphens=\language5
\c@mincomprange=\count382
\c@maxcomprange=\count383
\c@mincompwidth=\count384
Package biblatex Info: Trying to load biblatex default data model...
Package biblatex Info: ... file 'blx-dm.def' found.
(/Users/davpero/Library/TinyTeX/texmf-dist/tex/latex/biblatex/blx-dm.def
File: blx-dm.def 2024/03/21 v3.20 biblatex datamodel (PK/MW)
)
Package biblatex Info: Trying to load biblatex style data model...
Package biblatex Info: ... file 'apa.dbx' found.
(/Users/davpero/Library/TinyTeX/texmf-dist/tex/latex/biblatex-apa/apa.dbx
File: apa.dbx 2023/03/20 v9.17 APA biblatex style data model
)
Package biblatex Info: Trying to load biblatex custom data model...
Package biblatex Info: ... file 'biblatex-dm.cfg' not found.
\c@afterword=\count385
\c@savedafterword=\count386
\c@annotator=\count387
\c@savedannotator=\count388
\c@author=\count389
\c@savedauthor=\count390
\c@bookauthor=\count391
\c@savedbookauthor=\count392
\c@commentator=\count393
\c@savedcommentator=\count394
\c@editor=\count395
\c@savededitor=\count396
\c@editora=\count397
\c@savededitora=\count398
\c@editorb=\count399
\c@savededitorb=\count400
\c@editorc=\count401
\c@savededitorc=\count402
\c@foreword=\count403
\c@savedforeword=\count404
\c@holder=\count405
\c@savedholder=\count406
\c@introduction=\count407
\c@savedintroduction=\count408
\c@namea=\count409
\c@savednamea=\count410
\c@nameb=\count411
\c@savednameb=\count412
\c@namec=\count413
\c@savednamec=\count414
\c@translator=\count415
\c@savedtranslator=\count416
\c@shortauthor=\count417
\c@savedshortauthor=\count418
\c@shorteditor=\count419
\c@savedshorteditor=\count420
\c@narrator=\count421
\c@savednarrator=\count422
\c@execproducer=\count423
\c@savedexecproducer=\count424
\c@execdirector=\count425
\c@savedexecdirector=\count426
\c@with=\count427
\c@savedwith=\count428
\c@labelname=\count429
\c@savedlabelname=\count430
\c@institution=\count431
\c@savedinstitution=\count432
\c@lista=\count433
\c@savedlista=\count434
\c@listb=\count435
\c@savedlistb=\count436
\c@listc=\count437
\c@savedlistc=\count438
\c@listd=\count439
\c@savedlistd=\count440
\c@liste=\count441
\c@savedliste=\count442
\c@listf=\count443
\c@savedlistf=\count444
\c@location=\count445
\c@savedlocation=\count446
\c@organization=\count447
\c@savedorganization=\count448
\c@origlocation=\count449
\c@savedoriglocation=\count450
\c@origpublisher=\count451
\c@savedorigpublisher=\count452
\c@publisher=\count453
\c@savedpublisher=\count454
\c@language=\count455
\c@savedlanguage=\count456
\c@origlanguage=\count457
\c@savedoriglanguage=\count458
\c@citation=\count459
\c@savedcitation=\count460
\c@pageref=\count461
\c@savedpageref=\count462
\shorthandwidth=\skip75
\shortjournalwidth=\skip76
\shortserieswidth=\skip77
\shorttitlewidth=\skip78
\shortauthorwidth=\skip79
\shorteditorwidth=\skip80
\locallabelnumberwidth=\skip81
\locallabelalphawidth=\skip82
\localshorthandwidth=\skip83
\localshortjournalwidth=\skip84
\localshortserieswidth=\skip85
\localshorttitlewidth=\skip86
\localshortauthorwidth=\skip87
\localshorteditorwidth=\skip88
Package biblatex Info: Trying to load enhanced support for Unicode engines...
Package biblatex Info: ... file 'blx-unicode.def' found.
(/Users/davpero/Library/TinyTeX/texmf-dist/tex/latex/biblatex/blx-unicode.def)
Package biblatex Info: Trying to load compatibility code...
Package biblatex Info: ... file 'blx-compat.def' found.
(/Users/davpero/Library/TinyTeX/texmf-dist/tex/latex/biblatex/blx-compat.def
File: blx-compat.def 2024/03/21 v3.20 biblatex compatibility (PK/MW)
)
Package biblatex Info: Trying to load generic definitions...
Package biblatex Info: ... file 'biblatex.def' found.
(/Users/davpero/Library/TinyTeX/texmf-dist/tex/latex/biblatex/biblatex.def
File: biblatex.def 2024/03/21 v3.20 biblatex compatibility (PK/MW)
\c@textcitecount=\count463
\c@textcitetotal=\count464
\c@textcitemaxnames=\count465
\c@biburlbigbreakpenalty=\count466
\c@biburlbreakpenalty=\count467
\c@biburlnumpenalty=\count468
\c@biburlucpenalty=\count469
\c@biburllcpenalty=\count470
\biburlbigskip=\muskip20
\biburlnumskip=\muskip21
\biburlucskip=\muskip22
\biburllcskip=\muskip23
\c@smartand=\count471
)
Package biblatex Info: Trying to load bibliography style 'apa'...
Package biblatex Info: ... file 'apa.bbx' found.
(/Users/davpero/Library/TinyTeX/texmf-dist/tex/latex/biblatex-apa/apa.bbx
File: apa.bbx 2023/03/20 v9.17 APA biblatex references style
Package biblatex Info: Trying to load bibliography style 'standard'...
Package biblatex Info: ... file 'standard.bbx' found.
(/Users/davpero/Library/TinyTeX/texmf-dist/tex/latex/biblatex/bbx/standard.bbx
File: standard.bbx 2024/03/21 v3.20 biblatex bibliography style (PK/MW)
\c@bbx:relatedcount=\count472
\c@bbx:relatedtotal=\count473
)
Package biblatex Info: Delimiter 'nameyeardelim' in context 'bib' already defined, overwriting.
Package biblatex Info: Delimiter 'nameyeardelim' in context 'biblist' already defined, overwriting.
Package biblatex Info: Delimiter 'nonameyeardelim' in context 'bib' already defined, overwriting.
Package biblatex Info: Delimiter 'nonameyeardelim' in context 'biblist' already defined, overwriting.
)
Package biblatex Info: Trying to load citation style 'apa'...
Package biblatex Info: ... file 'apa.cbx' found.
(/Users/davpero/Library/TinyTeX/texmf-dist/tex/latex/biblatex-apa/apa.cbx
File: apa.cbx 2023/03/20 v9.17 APA biblatex citation style
Package biblatex Info: Delimiter 'nameyeardelim' in context '' already defined, overwriting.
Package biblatex Info: Delimiter 'andothersdelim' in context '' already defined, overwriting.
Package biblatex Info: Redefining '\fullcite'.
Package biblatex Info: Redefining '\citeauthor'.
Package biblatex Info: Redefining '\citeyear'.
Package biblatex Info: Redefining '\cite'.
Package biblatex Info: Redefining '\cites'.
Package biblatex Info: Redefining '\parencite'.
Package biblatex Info: Redefining '\parencites'.
Package biblatex Info: Redefining '\footcite'.
Package biblatex Info: Redefining '\footcites'.
Package biblatex Info: Redefining '\footcitetext'.
Package biblatex Info: Redefining '\footcitetexts'.
Package biblatex Info: Redefining '\smartcite'.
Package biblatex Info: Redefining '\smartcites'.
Package biblatex Info: Redefining '\textcite'.
Package biblatex Info: Redefining '\textcites'.
)
Package biblatex Info: Trying to load configuration file...
Package biblatex Info: ... file 'biblatex.cfg' found.
(/Users/davpero/Library/TinyTeX/texmf-dist/tex/latex/biblatex/biblatex.cfg
File: biblatex.cfg 
)
Package biblatex Info: XeTeX detected.
(biblatex)             Assuming input encoding 'utf8'.
Package biblatex Info: Document encoding is UTF8 ....
Package biblatex Info: ... and expl3
(biblatex)             2024-10-09 L3 programming layer (loader) 
(biblatex)             is new enough (at least 2020/04/06),
(biblatex)             setting 'casechanger=expl3'.
(/Users/davpero/Library/TinyTeX/texmf-dist/tex/latex/biblatex/blx-case-expl3.sty
Package: blx-case-expl3 2024/03/21 v3.20 expl3 case changing code for biblatex
)) (/Users/davpero/Library/TinyTeX/texmf-dist/tex/latex/bookmark/bookmark.sty
Package: bookmark 2023-12-10 v1.31 PDF bookmarks (HO)
(/Users/davpero/Library/TinyTeX/texmf-dist/tex/latex/hyperref/hyperref.sty
Package: hyperref 2024-07-10 v7.01j Hypertext links for LaTeX
(/Users/davpero/Library/TinyTeX/texmf-dist/tex/generic/kvdefinekeys/kvdefinekeys.sty
Package: kvdefinekeys 2019-12-19 v1.6 Define keys (HO)
) (/Users/davpero/Library/TinyTeX/texmf-dist/tex/generic/pdfescape/pdfescape.sty
Package: pdfescape 2019/12/09 v1.15 Implements pdfTeX's escape features (HO)
) (/Users/davpero/Library/TinyTeX/texmf-dist/tex/latex/hycolor/hycolor.sty
Package: hycolor 2020-01-27 v1.10 Color options for hyperref/bookmark (HO)
) (/Users/davpero/Library/TinyTeX/texmf-dist/tex/latex/hyperref/nameref.sty
Package: nameref 2023-11-26 v2.56 Cross-referencing by name of section
(/Users/davpero/Library/TinyTeX/texmf-dist/tex/latex/refcount/refcount.sty
Package: refcount 2019/12/15 v3.6 Data extraction from label references (HO)
) (/Users/davpero/Library/TinyTeX/texmf-dist/tex/generic/gettitlestring/gettitlestring.sty
Package: gettitlestring 2019/12/15 v1.6 Cleanup title references (HO)
)
\c@section@level=\count474
) (/Users/davpero/Library/TinyTeX/texmf-dist/tex/generic/stringenc/stringenc.sty
Package: stringenc 2019/11/29 v1.12 Convert strings between diff. encodings (HO)
)
\@linkdim=\dimen294
\Hy@linkcounter=\count475
\Hy@pagecounter=\count476
(/Users/davpero/Library/TinyTeX/texmf-dist/tex/latex/hyperref/pd1enc.def
File: pd1enc.def 2024-07-10 v7.01j Hyperref: PDFDocEncoding definition (HO)
) (/Users/davpero/Library/TinyTeX/texmf-dist/tex/generic/intcalc/intcalc.sty
Package: intcalc 2019/12/15 v1.3 Expandable calculations with integers (HO)
)
\Hy@SavedSpaceFactor=\count477
(/Users/davpero/Library/TinyTeX/texmf-dist/tex/latex/hyperref/puenc.def
File: puenc.def 2024-07-10 v7.01j Hyperref: PDF Unicode definition (HO)
)
Package hyperref Info: Option `unicode' set `true' on input line 4040.
Package hyperref Info: Hyper figures OFF on input line 4157.
Package hyperref Info: Link nesting OFF on input line 4162.
Package hyperref Info: Hyper index ON on input line 4165.
Package hyperref Info: Plain pages OFF on input line 4172.
Package hyperref Info: Backreferencing OFF on input line 4177.
Package hyperref Info: Implicit mode ON; LaTeX internals redefined.
Package hyperref Info: Bookmarks ON on input line 4424.
\c@Hy@tempcnt=\count478
LaTeX Info: Redefining \url on input line 4763.
\XeTeXLinkMargin=\dimen295
(/Users/davpero/Library/TinyTeX/texmf-dist/tex/generic/bitset/bitset.sty
Package: bitset 2019/12/09 v1.3 Handle bit-vector datatype (HO)
(/Users/davpero/Library/TinyTeX/texmf-dist/tex/generic/bigintcalc/bigintcalc.sty
Package: bigintcalc 2019/12/15 v1.5 Expandable calculations on big integers (HO)
))
\Fld@menulength=\count479
\Field@Width=\dimen296
\Fld@charsize=\dimen297
Package hyperref Info: Hyper figures OFF on input line 6042.
Package hyperref Info: Link nesting OFF on input line 6047.
Package hyperref Info: Hyper index ON on input line 6050.
Package hyperref Info: backreferencing OFF on input line 6057.
Package hyperref Info: Link coloring OFF on input line 6062.
Package hyperref Info: Link coloring with OCG OFF on input line 6067.
Package hyperref Info: PDF/A mode OFF on input line 6072.
(/Users/davpero/Library/TinyTeX/texmf-dist/tex/latex/base/atbegshi-ltx.sty
Package: atbegshi-ltx 2021/01/10 v1.0c Emulation of the original atbegshi
package with kernel methods
)
\Hy@abspage=\count480
\c@Item=\count481
\c@Hfootnote=\count482
)
Package hyperref Info: Driver (autodetected): hxetex.
(/Users/davpero/Library/TinyTeX/texmf-dist/tex/latex/hyperref/hxetex.def
File: hxetex.def 2024-07-10 v7.01j Hyperref driver for XeTeX
\pdfm@box=\box84
\c@Hy@AnnotLevel=\count483
\HyField@AnnotCount=\count484
\Fld@listcount=\count485
\c@bookmark@seq@number=\count486
(/Users/davpero/Library/TinyTeX/texmf-dist/tex/latex/rerunfilecheck/rerunfilecheck.sty
Package: rerunfilecheck 2022-07-10 v1.10 Rerun checks for auxiliary files (HO)
(/Users/davpero/Library/TinyTeX/texmf-dist/tex/latex/base/atveryend-ltx.sty
Package: atveryend-ltx 2020/08/19 v1.0a Emulation of the original atveryend package
with kernel methods
) (/Users/davpero/Library/TinyTeX/texmf-dist/tex/generic/uniquecounter/uniquecounter.sty
Package: uniquecounter 2019/12/15 v1.4 Provide unlimited unique counter (HO)
)
Package uniquecounter Info: New unique counter `rerunfilecheck' on input line 285.
)
\Hy@SectionHShift=\skip89
) (/Users/davpero/Library/TinyTeX/texmf-dist/tex/latex/bookmark/bkm-dvipdfm.def
File: bkm-dvipdfm.def 2023-12-10 v1.31 bookmark driver for dvipdfm (HO)
\BKM@id=\count487
))
Package hyperref Info: Option `colorlinks' set `true' on input line 193.
\@quotelevel=\count488
\@quotereset=\count489
(./r_plotting_review.aux)
\openout1 = `r_plotting_review.aux'.

LaTeX Font Info:    Checking defaults for OML/cmm/m/it on input line 206.
LaTeX Font Info:    ... okay on input line 206.
LaTeX Font Info:    Checking defaults for OMS/cmsy/m/n on input line 206.
LaTeX Font Info:    ... okay on input line 206.
LaTeX Font Info:    Checking defaults for OT1/cmr/m/n on input line 206.
LaTeX Font Info:    ... okay on input line 206.
LaTeX Font Info:    Checking defaults for T1/cmr/m/n on input line 206.
LaTeX Font Info:    ... okay on input line 206.
LaTeX Font Info:    Checking defaults for TS1/cmr/m/n on input line 206.
LaTeX Font Info:    ... okay on input line 206.
LaTeX Font Info:    Checking defaults for TU/lmr/m/n on input line 206.
LaTeX Font Info:    ... okay on input line 206.
LaTeX Font Info:    Checking defaults for OMX/cmex/m/n on input line 206.
LaTeX Font Info:    ... okay on input line 206.
LaTeX Font Info:    Checking defaults for U/cmr/m/n on input line 206.
LaTeX Font Info:    ... okay on input line 206.
LaTeX Font Info:    Checking defaults for PD1/pdf/m/n on input line 206.
LaTeX Font Info:    ... okay on input line 206.
LaTeX Font Info:    Checking defaults for PU/pdf/m/n on input line 206.
LaTeX Font Info:    ... okay on input line 206.
LaTeX Font Info:    Overwriting math alphabet `\mathrm' in version `normal'
(Font)                  OT1/lmr/m/n --> TU/lmr/m/n on input line 206.
LaTeX Font Info:    Overwriting math alphabet `\mathit' in version `normal'
(Font)                  OT1/lmr/m/it --> TU/lmr/m/it on input line 206.
LaTeX Font Info:    Overwriting math alphabet `\mathbf' in version `normal'
(Font)                  OT1/lmr/bx/n --> TU/lmr/bx/n on input line 206.
LaTeX Font Info:    Overwriting math alphabet `\mathsf' in version `normal'
(Font)                  OT1/lmss/m/n --> TU/lmss/m/n on input line 206.
LaTeX Font Info:    Overwriting math alphabet `\mathsf' in version `bold'
(Font)                  OT1/lmss/bx/n --> TU/lmss/bx/n on input line 206.
LaTeX Font Info:    Overwriting math alphabet `\mathtt' in version `normal'
(Font)                  OT1/lmtt/m/n --> TU/lmtt/m/n on input line 206.
LaTeX Font Info:    Overwriting math alphabet `\mathtt' in version `bold'
(Font)                  OT1/lmtt/m/n --> TU/lmtt/bx/n on input line 206.

Package fontspec Info: 
(fontspec)             latinmodern-math scale = 0.9999964596882403.


Package fontspec Info: 
(fontspec)             latinmodern-math scale = 0.9999964596882403.


Package fontspec Info: 
(fontspec)             latinmodern-math scale = 0.9999964596882403.


Package fontspec Info: 
(fontspec)             Font family 'latinmodern-math.otf(0)' created for font
(fontspec)             'latinmodern-math.otf' with options
(fontspec)             [Scale=MatchLowercase,BoldItalicFont={},ItalicFont={},SmallCapsFont={},Script=Math,BoldFont={latinmodern-math.otf}].
(fontspec)              
(fontspec)              This font family consists of the following NFSS
(fontspec)             series/shapes:
(fontspec)              
(fontspec)             - 'normal' (m/n) with NFSS spec.:
(fontspec)             <->s*[0.9999964596882403]"[latinmodern-math.otf]/OT:script=math;language=dflt;"
(fontspec)             - 'bold' (b/n) with NFSS spec.:
(fontspec)             <->s*[0.9999964596882403]"[latinmodern-math.otf]/OT:script=math;language=dflt;"

LaTeX Font Info:    Font shape `TU/latinmodern-math.otf(0)/m/n' will be
(Font)              scaled to size 10.0pt on input line 206.

Package fontspec Info: 
(fontspec)             latinmodern-math scale = 0.9999964596882403.


Package fontspec Info: 
(fontspec)             latinmodern-math scale = 0.9999964596882403.


Package fontspec Info: 
(fontspec)             latinmodern-math scale = 0.9999964596882403.


Package fontspec Info: 
(fontspec)             latinmodern-math scale = 0.9999964596882403.


Package fontspec Info: 
(fontspec)             latinmodern-math scale = 0.9999964596882403.


Package fontspec Info: 
(fontspec)             Font family 'latinmodern-math.otf(1)' created for font
(fontspec)             'latinmodern-math.otf' with options
(fontspec)             [Scale=MatchLowercase,BoldItalicFont={},ItalicFont={},SmallCapsFont={},Script=Math,SizeFeatures={{Size=8.5-},{Size=6-8.5,Font=latinmodern-math.otf,Style=MathScript},{Size=-6,Font=latinmodern-math.otf,Style=MathScriptScript}},BoldFont={latinmodern-math.otf}].
(fontspec)              
(fontspec)              This font family consists of the following NFSS
(fontspec)             series/shapes:
(fontspec)              
(fontspec)             - 'normal' (m/n) with NFSS spec.:
(fontspec)             <8.5->s*[0.9999964596882403]"[latinmodern-math.otf]/OT:script=math;language=dflt;"<6-8.5>s*[0.9999964596882403]"[latinmodern-math.otf]/OT:script=math;language=dflt;+ssty=0;"<-6>s*[0.9999964596882403]"[latinmodern-math.otf]/OT:script=math;language=dflt;+ssty=1;"
(fontspec)             - 'bold' (b/n) with NFSS spec.:
(fontspec)             <->s*[0.9999964596882403]"[latinmodern-math.otf]/OT:script=math;language=dflt;"

LaTeX Font Info:    Font shape `TU/latinmodern-math.otf(1)/m/n' will be
(Font)              scaled to size 10.0pt on input line 206.
LaTeX Font Info:    Encoding `OT1' has changed to `TU' for symbol font
(Font)              `operators' in the math version `normal' on input line 206.
LaTeX Font Info:    Overwriting symbol font `operators' in version `normal'
(Font)                  OT1/lmr/m/n --> TU/latinmodern-math.otf(1)/m/n on input line 206.
LaTeX Font Info:    Encoding `OT1' has changed to `TU' for symbol font
(Font)              `operators' in the math version `bold' on input line 206.
LaTeX Font Info:    Overwriting symbol font `operators' in version `bold'
(Font)                  OT1/lmr/bx/n --> TU/latinmodern-math.otf(1)/b/n on input line 206.

Package fontspec Info: 
(fontspec)             latinmodern-math scale = 0.9999964596882403.


Package fontspec Info: 
(fontspec)             latinmodern-math scale = 1.000096459334209.


Package fontspec Info: 
(fontspec)             latinmodern-math scale = 0.9999964596882403.


Package fontspec Info: 
(fontspec)             latinmodern-math scale = 1.000096459334209.


Package fontspec Info: 
(fontspec)             latinmodern-math scale = 0.9999964596882403.


Package fontspec Info: 
(fontspec)             latinmodern-math scale = 1.000096459334209.


Package fontspec Info: 
(fontspec)             latinmodern-math scale = 0.9999964596882403.


Package fontspec Info: 
(fontspec)             latinmodern-math scale = 1.000096459334209.


Package fontspec Info: 
(fontspec)             latinmodern-math scale = 0.9999964596882403.


Package fontspec Info: 
(fontspec)             latinmodern-math scale = 1.000096459334209.


Package fontspec Info: 
(fontspec)             Font family 'latinmodern-math.otf(2)' created for font
(fontspec)             'latinmodern-math.otf' with options
(fontspec)             [Scale=MatchLowercase,BoldItalicFont={},ItalicFont={},SmallCapsFont={},Script=Math,SizeFeatures={{Size=8.5-},{Size=6-8.5,Font=latinmodern-math.otf,Style=MathScript},{Size=-6,Font=latinmodern-math.otf,Style=MathScriptScript}},BoldFont={latinmodern-math.otf},ScaleAgain=1.0001,FontAdjustment={\fontdimen
(fontspec)             8\font =6.77pt\relax \fontdimen 9\font =3.94pt\relax
(fontspec)             \fontdimen 10\font =4.44pt\relax \fontdimen 11\font
(fontspec)             =6.86pt\relax \fontdimen 12\font =3.45pt\relax
(fontspec)             \fontdimen 13\font =3.63pt\relax \fontdimen 14\font
(fontspec)             =3.63pt\relax \fontdimen 15\font =2.89pt\relax
(fontspec)             \fontdimen 16\font =2.47pt\relax \fontdimen 17\font
(fontspec)             =2.47pt\relax \fontdimen 18\font =2.5pt\relax
(fontspec)             \fontdimen 19\font =2.0pt\relax \fontdimen 22\font
(fontspec)             =2.5pt\relax \fontdimen 20\font =0pt\relax \fontdimen
(fontspec)             21\font =0pt\relax }].
(fontspec)              
(fontspec)              This font family consists of the following NFSS
(fontspec)             series/shapes:
(fontspec)              
(fontspec)             - 'normal' (m/n) with NFSS spec.:
(fontspec)             <8.5->s*[1.000096459334209]"[latinmodern-math.otf]/OT:script=math;language=dflt;"<6-8.5>s*[1.000096459334209]"[latinmodern-math.otf]/OT:script=math;language=dflt;+ssty=0;"<-6>s*[1.000096459334209]"[latinmodern-math.otf]/OT:script=math;language=dflt;+ssty=1;"
(fontspec)             - 'bold' (b/n) with NFSS spec.:
(fontspec)             <->s*[1.000096459334209]"[latinmodern-math.otf]/OT:script=math;language=dflt;"

LaTeX Font Info:    Encoding `OMS' has changed to `TU' for symbol font
(Font)              `symbols' in the math version `normal' on input line 206.
LaTeX Font Info:    Overwriting symbol font `symbols' in version `normal'
(Font)                  OMS/lmsy/m/n --> TU/latinmodern-math.otf(2)/m/n on input line 206.
LaTeX Font Info:    Encoding `OMS' has changed to `TU' for symbol font
(Font)              `symbols' in the math version `bold' on input line 206.
LaTeX Font Info:    Overwriting symbol font `symbols' in version `bold'
(Font)                  OMS/lmsy/b/n --> TU/latinmodern-math.otf(2)/b/n on input line 206.

Package fontspec Info: 
(fontspec)             latinmodern-math scale = 0.9999964596882403.


Package fontspec Info: 
(fontspec)             latinmodern-math scale = 0.9998964600422715.


Package fontspec Info: 
(fontspec)             latinmodern-math scale = 0.9999964596882403.


Package fontspec Info: 
(fontspec)             latinmodern-math scale = 0.9998964600422715.


Package fontspec Info: 
(fontspec)             latinmodern-math scale = 0.9999964596882403.


Package fontspec Info: 
(fontspec)             latinmodern-math scale = 0.9998964600422715.


Package fontspec Info: 
(fontspec)             latinmodern-math scale = 0.9999964596882403.


Package fontspec Info: 
(fontspec)             latinmodern-math scale = 0.9998964600422715.


Package fontspec Info: 
(fontspec)             latinmodern-math scale = 0.9999964596882403.


Package fontspec Info: 
(fontspec)             latinmodern-math scale = 0.9998964600422715.


Package fontspec Info: 
(fontspec)             Font family 'latinmodern-math.otf(3)' created for font
(fontspec)             'latinmodern-math.otf' with options
(fontspec)             [Scale=MatchLowercase,BoldItalicFont={},ItalicFont={},SmallCapsFont={},Script=Math,SizeFeatures={{Size=8.5-},{Size=6-8.5,Font=latinmodern-math.otf,Style=MathScript},{Size=-6,Font=latinmodern-math.otf,Style=MathScriptScript}},BoldFont={latinmodern-math.otf},ScaleAgain=0.9999,FontAdjustment={\fontdimen
(fontspec)             8\font =0.4pt\relax \fontdimen 9\font =2.0pt\relax
(fontspec)             \fontdimen 10\font =1.67pt\relax \fontdimen 11\font
(fontspec)             =1.11pt\relax \fontdimen 12\font =6.0pt\relax
(fontspec)             \fontdimen 13\font =0pt\relax }].
(fontspec)              
(fontspec)              This font family consists of the following NFSS
(fontspec)             series/shapes:
(fontspec)              
(fontspec)             - 'normal' (m/n) with NFSS spec.:
(fontspec)             <8.5->s*[0.9998964600422715]"[latinmodern-math.otf]/OT:script=math;language=dflt;"<6-8.5>s*[0.9998964600422715]"[latinmodern-math.otf]/OT:script=math;language=dflt;+ssty=0;"<-6>s*[0.9998964600422715]"[latinmodern-math.otf]/OT:script=math;language=dflt;+ssty=1;"
(fontspec)             - 'bold' (b/n) with NFSS spec.:
(fontspec)             <->s*[0.9998964600422715]"[latinmodern-math.otf]/OT:script=math;language=dflt;"

LaTeX Font Info:    Encoding `OMX' has changed to `TU' for symbol font
(Font)              `largesymbols' in the math version `normal' on input line 206.
LaTeX Font Info:    Overwriting symbol font `largesymbols' in version `normal'
(Font)                  OMX/lmex/m/n --> TU/latinmodern-math.otf(3)/m/n on input line 206.
LaTeX Font Info:    Encoding `OMX' has changed to `TU' for symbol font
(Font)              `largesymbols' in the math version `bold' on input line 206.
LaTeX Font Info:    Overwriting symbol font `largesymbols' in version `bold'
(Font)                  OMX/lmex/m/n --> TU/latinmodern-math.otf(3)/b/n on input line 206.
*geometry* driver: auto-detecting
*geometry* detected driver: xetex
*geometry* verbose mode - [ preamble ] result:
* driver: xetex
* paper: a4paper
* layout: <same size as paper>
* layoutoffset:(h,v)=(0.0pt,0.0pt)
* modes: twoside 
* h-part:(L,W,R)=(72.26999pt, 452.9679pt, 72.26999pt)
* v-part:(T,H,B)=(86.72377pt, 686.05309pt, 72.26999pt)
* \paperwidth=597.50787pt
* \paperheight=845.04684pt
* \textwidth=452.9679pt
* \textheight=686.05309pt
* \oddsidemargin=0.0pt
* \evensidemargin=0.0pt
* \topmargin=-15.61371pt
* \headheight=12.0pt
* \headsep=18.06749pt
* \topskip=10.0pt
* \footskip=18.06749pt
* \marginparwidth=125.0pt
* \marginparsep=7.0pt
* \columnsep=10.0pt
* \skip\footins=9.0pt plus 4.0pt minus 2.0pt
* \hoffset=0.0pt
* \voffset=0.0pt
* \mag=1000
* \@twocolumnfalse
* \@twosidetrue
* \@mparswitchtrue
* \@reversemarginfalse
* (1in=72.27pt=25.4mm, 1cm=28.453pt)

Package biblatex Info: Trying to load language 'english' -> 'english-apa'...
Package biblatex Info: ... file 'english-apa.lbx' found.
(/Users/davpero/Library/TinyTeX/texmf-dist/tex/latex/biblatex-apa/english-apa.lbx
File: english-apa.lbx 2023/03/20 v9.17 APA biblatex localisation
Package biblatex Info: Trying to load language 'english'...
Package biblatex Info: ... file 'english.lbx' found.
(/Users/davpero/Library/TinyTeX/texmf-dist/tex/latex/biblatex/lbx/english.lbx
File: english.lbx 2024/03/21 v3.20 biblatex localization (PK/MW)
)
Package biblatex Info: Trying to load language 'american' -> 'american-apa'...
Package biblatex Info: ... file 'american-apa.lbx' found.
(/Users/davpero/Library/TinyTeX/texmf-dist/tex/latex/biblatex-apa/american-apa.lbx
File: american-apa.lbx 2023/03/20 v9.17 APA biblatex localisation
Package biblatex Info: Trying to load language 'american'...
Package biblatex Info: ... file 'american.lbx' found.
(/Users/davpero/Library/TinyTeX/texmf-dist/tex/latex/biblatex/lbx/american.lbx
File: american.lbx 2024/03/21 v3.20 biblatex localization (PK/MW)
Package biblatex Info: Trying to load language 'english'...
Package biblatex Info: ... file 'english.lbx' found.
(/Users/davpero/Library/TinyTeX/texmf-dist/tex/latex/biblatex/lbx/english.lbx
File: english.lbx 2024/03/21 v3.20 biblatex localization (PK/MW)
))))
Package biblatex Info: XeTeX detected.
(biblatex)             Assuming input encoding 'utf8'.
Package biblatex Info: Automatic encoding selection.
(biblatex)             Assuming data encoding 'utf8'.
\openout5 = `r_plotting_review.bcf'.

Package biblatex Info: Trying to load bibliographic data...
Package biblatex Info: ... file 'r_plotting_review.bbl' found.
(./r_plotting_review.bbl)
Package biblatex Info: Reference section=0 on input line 206.
Package biblatex Info: Reference segment=0 on input line 206.
Package hyperref Info: Link coloring ON on input line 206.
File: fig/ine_logo.pdf Graphic file (type pdf)
<use fig/ine_logo.pdf>
LaTeX Font Info:    Font shape `TU/latinmodern-math.otf(1)/m/n' will be
(Font)              scaled to size 12.0pt on input line 208.
LaTeX Font Info:    Font shape `TU/latinmodern-math.otf(1)/m/n' will be
(Font)              scaled to size 8.0pt on input line 208.
LaTeX Font Info:    Font shape `TU/latinmodern-math.otf(1)/m/n' will be
(Font)              scaled to size 6.0pt on input line 208.
LaTeX Font Info:    Trying to load font information for OML+lmm on input line 208.
(/Users/davpero/Library/TinyTeX/texmf-dist/tex/latex/lm/omllmm.fd
File: omllmm.fd 2015/05/01 v1.6.1 Font defs for Latin Modern
)
LaTeX Font Info:    Font shape `TU/latinmodern-math.otf(2)/m/n' will be
(Font)              scaled to size 12.0011pt on input line 208.
LaTeX Font Info:    Font shape `TU/latinmodern-math.otf(2)/m/n' will be
(Font)              scaled to size 8.00073pt on input line 208.
LaTeX Font Info:    Font shape `TU/latinmodern-math.otf(2)/m/n' will be
(Font)              scaled to size 6.00055pt on input line 208.
LaTeX Font Info:    Font shape `TU/latinmodern-math.otf(3)/m/n' will be
(Font)              scaled to size 11.99872pt on input line 208.
LaTeX Font Info:    Font shape `TU/latinmodern-math.otf(3)/m/n' will be
(Font)              scaled to size 7.99915pt on input line 208.
LaTeX Font Info:    Font shape `TU/latinmodern-math.otf(3)/m/n' will be
(Font)              scaled to size 5.99936pt on input line 208.
LaTeX Font Info:    Trying to load font information for U+msa on input line 208.
(/Users/davpero/Library/TinyTeX/texmf-dist/tex/latex/amsfonts/umsa.fd
File: umsa.fd 2013/01/14 v3.01 AMS symbols A
)
LaTeX Font Info:    Trying to load font information for U+msb on input line 208.
(/Users/davpero/Library/TinyTeX/texmf-dist/tex/latex/amsfonts/umsb.fd
File: umsb.fd 2013/01/14 v3.01 AMS symbols B
)

[1


]

[2

] (./r_plotting_review.toc
LaTeX Font Info:    Font shape `TU/latinmodern-math.otf(1)/m/n' will be
(Font)              scaled to size 7.0pt on input line 2.
LaTeX Font Info:    Font shape `TU/latinmodern-math.otf(1)/m/n' will be
(Font)              scaled to size 5.0pt on input line 2.
LaTeX Font Info:    Font shape `TU/latinmodern-math.otf(2)/m/n' will be
(Font)              scaled to size 10.00092pt on input line 2.
LaTeX Font Info:    Font shape `TU/latinmodern-math.otf(2)/m/n' will be
(Font)              scaled to size 7.00064pt on input line 2.
LaTeX Font Info:    Font shape `TU/latinmodern-math.otf(2)/m/n' will be
(Font)              scaled to size 5.00046pt on input line 2.
LaTeX Font Info:    Font shape `TU/latinmodern-math.otf(3)/m/n' will be
(Font)              scaled to size 9.99893pt on input line 2.
LaTeX Font Info:    Font shape `TU/latinmodern-math.otf(3)/m/n' will be
(Font)              scaled to size 6.99925pt on input line 2.
LaTeX Font Info:    Font shape `TU/latinmodern-math.otf(3)/m/n' will be
(Font)              scaled to size 4.99947pt on input line 2.
)
\tf@toc=\write6
\openout6 = `r_plotting_review.toc'.



[3]

[4

]
Captulo 1.


[5]

[6]
Captulo 2.
LaTeX Font Info:    Font shape `TU/lmtt/bx/n' in size <10> not available
(Font)              Font shape `TU/lmtt/b/n' tried instead on input line 285.


[7

]
File: r_plotting_review_files/figure-latex/unnamed-chunk-3-1.pdf Graphic file (type pdf)
<use r_plotting_review_files/figure-latex/unnamed-chunk-3-1.pdf>
File: fig/capturas/plot1.png Graphic file (type bmp)
<fig/capturas/plot1.png>
File: fig/capturas/plot2.png Graphic file (type bmp)
<fig/capturas/plot2.png>

LaTeX Warning: `h' float specifier changed to `ht'.



[8]
File: fig/capturas/plot3.png Graphic file (type bmp)
<fig/capturas/plot3.png>


[9]

[10

]
Captulo 3.


[11]
File: r_plotting_review_files/figure-latex/unnamed-chunk-10-1.pdf Graphic file (type pdf)
<use r_plotting_review_files/figure-latex/unnamed-chunk-10-1.pdf>


[12]
File: r_plotting_review_files/figure-latex/unnamed-chunk-11-1.pdf Graphic file (type pdf)
<use r_plotting_review_files/figure-latex/unnamed-chunk-11-1.pdf>
File: r_plotting_review_files/figure-latex/unnamed-chunk-12-1.pdf Graphic file (type pdf)
<use r_plotting_review_files/figure-latex/unnamed-chunk-12-1.pdf>

LaTeX Warning: `h' float specifier changed to `ht'.



[13]
File: r_plotting_review_files/figure-latex/unnamed-chunk-13-1.pdf Graphic file (type pdf)
<use r_plotting_review_files/figure-latex/unnamed-chunk-13-1.pdf>
File: r_plotting_review_files/figure-latex/unnamed-chunk-14-1.pdf Graphic file (type pdf)
<use r_plotting_review_files/figure-latex/unnamed-chunk-14-1.pdf>

LaTeX Warning: `h' float specifier changed to `ht'.



[14]
File: r_plotting_review_files/figure-latex/unnamed-chunk-16-1.pdf Graphic file (type pdf)
<use r_plotting_review_files/figure-latex/unnamed-chunk-16-1.pdf>
File: r_plotting_review_files/figure-latex/unnamed-chunk-17-1.pdf Graphic file (type pdf)
<use r_plotting_review_files/figure-latex/unnamed-chunk-17-1.pdf>

LaTeX Warning: `h' float specifier changed to `ht'.



[15]

[16]
Captulo 4.


[17

]
File: r_plotting_review_files/figure-latex/unnamed-chunk-19-1.pdf Graphic file (type pdf)
<use r_plotting_review_files/figure-latex/unnamed-chunk-19-1.pdf>

Underfull \vbox (badness 2469) has occurred while \output is active []



[18]
Overfull \hbox (86.47102pt too wide) in paragraph at lines 817--818
[]\TU/lmr/m/n/10 Usando \TU/lmtt/m/n/10 ineapir \TU/lmr/m/n/10 extraemos los datos usando el servicio API del INE. Ejecutando \TU/lmtt/m/n/10 get_metadata_table_varval(25143)
 []



[19]
Overfull \hbox (9.0321pt too wide) in paragraph at lines 869--869
[]\TU/lmtt/m/n/10 ##                                                                                Nombre[] 
 []


Overfull \hbox (9.0321pt too wide) in paragraph at lines 870--870
[]\TU/lmtt/m/n/10 ## 1                                                                      Total Nacional[] 
 []


Overfull \hbox (9.0321pt too wide) in paragraph at lines 871--871
[]\TU/lmtt/m/n/10 ## 2                                                                           Andaluca[] 
 []


Overfull \hbox (9.0321pt too wide) in paragraph at lines 872--872
[]\TU/lmtt/m/n/10 ## 3                                                                              Aragn[] 
 []


Overfull \hbox (9.0321pt too wide) in paragraph at lines 873--873
[]\TU/lmtt/m/n/10 ## 4                                                             Asturias, Principado de[] 
 []


Overfull \hbox (9.0321pt too wide) in paragraph at lines 874--874
[]\TU/lmtt/m/n/10 ## 5                                                                      Balears, Illes[] 
 []


Overfull \hbox (9.0321pt too wide) in paragraph at lines 875--875
[]\TU/lmtt/m/n/10 ## 6                                                                            Canarias[] 
 []


Overfull \hbox (9.0321pt too wide) in paragraph at lines 876--876
[]\TU/lmtt/m/n/10 ## 7                                                                           Cantabria[] 
 []


Overfull \hbox (9.0321pt too wide) in paragraph at lines 877--877
[]\TU/lmtt/m/n/10 ## 8                                                                     Castilla y Len[] 
 []


Overfull \hbox (9.0321pt too wide) in paragraph at lines 878--878
[]\TU/lmtt/m/n/10 ## 9                                                                Castilla - La Mancha[] 
 []


Overfull \hbox (9.0321pt too wide) in paragraph at lines 879--879
[]\TU/lmtt/m/n/10 ## 10                                                                           Catalua[] 
 []


Overfull \hbox (9.0321pt too wide) in paragraph at lines 880--880
[]\TU/lmtt/m/n/10 ## 11                                                               Comunitat Valenciana[] 
 []


Overfull \hbox (9.0321pt too wide) in paragraph at lines 881--881
[]\TU/lmtt/m/n/10 ## 12                                                                        Extremadura[] 
 []


Overfull \hbox (9.0321pt too wide) in paragraph at lines 882--882
[]\TU/lmtt/m/n/10 ## 13                                                                            Galicia[] 
 []


Overfull \hbox (9.0321pt too wide) in paragraph at lines 883--883
[]\TU/lmtt/m/n/10 ## 14                                                               Madrid, Comunidad de[] 
 []


Overfull \hbox (9.0321pt too wide) in paragraph at lines 884--884
[]\TU/lmtt/m/n/10 ## 15                                                                  Murcia, Regin de[] 
 []


Overfull \hbox (9.0321pt too wide) in paragraph at lines 885--885
[]\TU/lmtt/m/n/10 ## 16                                                        Navarra, Comunidad Foral de[] 
 []


Overfull \hbox (9.0321pt too wide) in paragraph at lines 886--886
[]\TU/lmtt/m/n/10 ## 17                                                                         Pas Vasco[] 
 []


Overfull \hbox (9.0321pt too wide) in paragraph at lines 887--887
[]\TU/lmtt/m/n/10 ## 18                                                                          Rioja, La[] 
 []


Overfull \hbox (9.0321pt too wide) in paragraph at lines 888--888
[]\TU/lmtt/m/n/10 ## 19                                                                              Ceuta[] 
 []


Overfull \hbox (9.0321pt too wide) in paragraph at lines 889--889
[]\TU/lmtt/m/n/10 ## 20                                                                            Melilla[] 
 []


Overfull \hbox (9.0321pt too wide) in paragraph at lines 890--890
[]\TU/lmtt/m/n/10 ## 21                                                                     ndice general[] 
 []


Overfull \hbox (9.0321pt too wide) in paragraph at lines 891--891
[]\TU/lmtt/m/n/10 ## 22                                                 Alimentos y bebidas no alcohlicas[] 
 []


Underfull \vbox (badness 10000) has occurred while \output is active []



[20]
Overfull \hbox (9.0321pt too wide) in paragraph at lines 892--892
[]\TU/lmtt/m/n/10 ## 23                                                       Bebidas alcohlicas y tabaco[] 
 []


Overfull \hbox (9.0321pt too wide) in paragraph at lines 893--893
[]\TU/lmtt/m/n/10 ## 24                                                                  Vestido y calzado[] 
 []


Overfull \hbox (9.0321pt too wide) in paragraph at lines 894--894
[]\TU/lmtt/m/n/10 ## 25                             Vivienda, agua, electricidad, gas y otros combustibles[] 
 []


Overfull \hbox (9.0321pt too wide) in paragraph at lines 895--895
[]\TU/lmtt/m/n/10 ## 26 Muebles, artculos del hogar y artculos para el mantenimiento corriente del hogar[] 
 []


Overfull \hbox (9.0321pt too wide) in paragraph at lines 896--896
[]\TU/lmtt/m/n/10 ## 27                                                                            Sanidad[] 
 []


Overfull \hbox (9.0321pt too wide) in paragraph at lines 897--897
[]\TU/lmtt/m/n/10 ## 28                                                                         Transporte[] 
 []


Overfull \hbox (9.0321pt too wide) in paragraph at lines 898--898
[]\TU/lmtt/m/n/10 ## 29                                                                     Comunicaciones[] 
 []


Overfull \hbox (9.0321pt too wide) in paragraph at lines 899--899
[]\TU/lmtt/m/n/10 ## 30                                                                     Ocio y cultura[] 
 []


Overfull \hbox (9.0321pt too wide) in paragraph at lines 900--900
[]\TU/lmtt/m/n/10 ## 31                                                                          Enseanza[] 
 []


Overfull \hbox (9.0321pt too wide) in paragraph at lines 901--901
[]\TU/lmtt/m/n/10 ## 32                                                             Restaurantes y hoteles[] 
 []


Overfull \hbox (9.0321pt too wide) in paragraph at lines 902--902
[]\TU/lmtt/m/n/10 ## 33                                                           Otros bienes y servicios[] 
 []


Overfull \hbox (9.0321pt too wide) in paragraph at lines 903--903
[]\TU/lmtt/m/n/10 ## 34                                                                          Dato base[] 
 []


Overfull \hbox (9.0321pt too wide) in paragraph at lines 904--904
[]\TU/lmtt/m/n/10 ## 35                                                 Variacin respecto al ao anterior[] 
 []


Overfull \hbox (9.0321pt too wide) in paragraph at lines 905--905
[]\TU/lmtt/m/n/10 ## 36                                                     Variacin respecto al ao base[] 
 []


Overfull \hbox (9.0321pt too wide) in paragraph at lines 906--906
[]\TU/lmtt/m/n/10 ## 37                                                                        Gasto total[] 
 []


Overfull \hbox (9.0321pt too wide) in paragraph at lines 907--907
[]\TU/lmtt/m/n/10 ## 38                                                            Distribucin porcentual[] 
 []


Overfull \hbox (9.0321pt too wide) in paragraph at lines 908--908
[]\TU/lmtt/m/n/10 ## 39                                                              Gasto medio por hogar[] 
 []


Overfull \hbox (9.0321pt too wide) in paragraph at lines 909--909
[]\TU/lmtt/m/n/10 ## 40                                                            Gasto medio por persona[] 
 []


Overfull \hbox (9.0321pt too wide) in paragraph at lines 910--910
[]\TU/lmtt/m/n/10 ## 41                                                  Gasto medio por unidad de consumo[] 
 []


Underfull \vbox (badness 10000) has occurred while \output is active []



[21]

[22]
Overfull \hbox (161.2821pt too wide) in paragraph at lines 1071--1071
[]\TU/lmtt/m/n/10 ##                                                                                                             Nombre[] 
 []


Overfull \hbox (161.2821pt too wide) in paragraph at lines 1072--1072
[]\TU/lmtt/m/n/10 ## 1                                                                                                   Total Nacional[] 
 []


Overfull \hbox (161.2821pt too wide) in paragraph at lines 1073--1073
[]\TU/lmtt/m/n/10 ## 2                                                                                                        Andaluca[] 
 []


Overfull \hbox (161.2821pt too wide) in paragraph at lines 1074--1074
[]\TU/lmtt/m/n/10 ## 3                                                                                                           Aragn[] 
 []


Underfull \vbox (badness 10000) has occurred while \output is active []



[23]
Overfull \hbox (161.2821pt too wide) in paragraph at lines 1075--1075
[]\TU/lmtt/m/n/10 ## 4                                                                                          Asturias, Principado de[] 
 []


Overfull \hbox (161.2821pt too wide) in paragraph at lines 1076--1076
[]\TU/lmtt/m/n/10 ## 5                                                                                                   Balears, Illes[] 
 []


Overfull \hbox (161.2821pt too wide) in paragraph at lines 1077--1077
[]\TU/lmtt/m/n/10 ## 6                                                                                                         Canarias[] 
 []


Overfull \hbox (161.2821pt too wide) in paragraph at lines 1078--1078
[]\TU/lmtt/m/n/10 ## 7                                                                                                        Cantabria[] 
 []


Overfull \hbox (161.2821pt too wide) in paragraph at lines 1079--1079
[]\TU/lmtt/m/n/10 ## 8                                                                                                  Castilla y Len[] 
 []


Overfull \hbox (161.2821pt too wide) in paragraph at lines 1080--1080
[]\TU/lmtt/m/n/10 ## 9                                                                                             Castilla - La Mancha[] 
 []


Overfull \hbox (161.2821pt too wide) in paragraph at lines 1081--1081
[]\TU/lmtt/m/n/10 ## 10                                                                                                        Catalua[] 
 []


Overfull \hbox (161.2821pt too wide) in paragraph at lines 1082--1082
[]\TU/lmtt/m/n/10 ## 11                                                                                            Comunitat Valenciana[] 
 []


Overfull \hbox (161.2821pt too wide) in paragraph at lines 1083--1083
[]\TU/lmtt/m/n/10 ## 12                                                                                                     Extremadura[] 
 []


Overfull \hbox (161.2821pt too wide) in paragraph at lines 1084--1084
[]\TU/lmtt/m/n/10 ## 13                                                                                                         Galicia[] 
 []


Overfull \hbox (161.2821pt too wide) in paragraph at lines 1085--1085
[]\TU/lmtt/m/n/10 ## 14                                                                                            Madrid, Comunidad de[] 
 []


Overfull \hbox (161.2821pt too wide) in paragraph at lines 1086--1086
[]\TU/lmtt/m/n/10 ## 15                                                                                               Murcia, Regin de[] 
 []


Overfull \hbox (161.2821pt too wide) in paragraph at lines 1087--1087
[]\TU/lmtt/m/n/10 ## 16                                                                                     Navarra, Comunidad Foral de[] 
 []


Overfull \hbox (161.2821pt too wide) in paragraph at lines 1088--1088
[]\TU/lmtt/m/n/10 ## 17                                                                                                      Pas Vasco[] 
 []


Overfull \hbox (161.2821pt too wide) in paragraph at lines 1089--1089
[]\TU/lmtt/m/n/10 ## 18                                                                                                       Rioja, La[] 
 []


Overfull \hbox (161.2821pt too wide) in paragraph at lines 1090--1090
[]\TU/lmtt/m/n/10 ## 19                                                                                                           Ceuta[] 
 []


Overfull \hbox (161.2821pt too wide) in paragraph at lines 1091--1091
[]\TU/lmtt/m/n/10 ## 20                                                                                                         Melilla[] 
 []


Overfull \hbox (161.2821pt too wide) in paragraph at lines 1092--1092
[]\TU/lmtt/m/n/10 ## 21                                                                                                           Total[] 
 []


Overfull \hbox (161.2821pt too wide) in paragraph at lines 1093--1093
[]\TU/lmtt/m/n/10 ## 22                                                                                                       Alimentos[] 
 []


Overfull \hbox (161.2821pt too wide) in paragraph at lines 1094--1094
[]\TU/lmtt/m/n/10 ## 23                                                                                          Bebidas no alcohlicas[] 
 []


Overfull \hbox (161.2821pt too wide) in paragraph at lines 1095--1095
[]\TU/lmtt/m/n/10 ## 24                                                                                             Bebidas alcohlicas[] 
 []


Overfull \hbox (161.2821pt too wide) in paragraph at lines 1096--1096
[]\TU/lmtt/m/n/10 ## 25                                                                                                          Tabaco[] 
 []


Overfull \hbox (161.2821pt too wide) in paragraph at lines 1097--1097
[]\TU/lmtt/m/n/10 ## 26                                                                                                         Vestido[] 
 []


Overfull \hbox (161.2821pt too wide) in paragraph at lines 1098--1098
[]\TU/lmtt/m/n/10 ## 27                                                                                                         Calzado[] 
 []


Overfull \hbox (161.2821pt too wide) in paragraph at lines 1099--1099
[]\TU/lmtt/m/n/10 ## 28                                                                                   Alquileres reales de vivienda[] 
 []


Overfull \hbox (161.2821pt too wide) in paragraph at lines 1100--1100
[]\TU/lmtt/m/n/10 ## 29                                                                                Alquileres imputados de vivienda[] 
 []


Overfull \hbox (161.2821pt too wide) in paragraph at lines 1101--1101
[]\TU/lmtt/m/n/10 ## 30                                                                        Conservacin y reparacin de la vivienda[] 
 []


Overfull \hbox (161.2821pt too wide) in paragraph at lines 1102--1102
[]\TU/lmtt/m/n/10 ## 31                                               Suministro de agua y otros servicios relacionados con la vivienda[] 
 []


Overfull \hbox (161.2821pt too wide) in paragraph at lines 1103--1103
[]\TU/lmtt/m/n/10 ## 32                                                                          Electricidad, gas y otros combustibles[] 
 []


Overfull \hbox (161.2821pt too wide) in paragraph at lines 1104--1104
[]\TU/lmtt/m/n/10 ## 33                                                Muebles y accesorios, alfombras y otros revestimientos de suelos[] 
 []


Overfull \hbox (161.2821pt too wide) in paragraph at lines 1105--1105
[]\TU/lmtt/m/n/10 ## 34                                                                                Artculos textiles para el hogar[] 
 []


Overfull \hbox (161.2821pt too wide) in paragraph at lines 1106--1106
[]\TU/lmtt/m/n/10 ## 35                                                                                             Aparatos domsticos[] 
 []


Overfull \hbox (161.2821pt too wide) in paragraph at lines 1107--1107
[]\TU/lmtt/m/n/10 ## 36                                                                                 Menaje y herramientas del hogar[] 
 []


Overfull \hbox (161.2821pt too wide) in paragraph at lines 1108--1108
[]\TU/lmtt/m/n/10 ## 37                                                    Bienes y servicios para el mantenimiento corriente del hogar[] 
 []


Overfull \hbox (161.2821pt too wide) in paragraph at lines 1109--1109
[]\TU/lmtt/m/n/10 ## 38                                                                           Productos, aparatos y equipos mdicos[] 
 []


Overfull \hbox (161.2821pt too wide) in paragraph at lines 1110--1110
[]\TU/lmtt/m/n/10 ## 39                                                                 Servicios mdicos, ambulatorios y hospitalarios[] 
 []


Overfull \hbox (161.2821pt too wide) in paragraph at lines 1111--1111
[]\TU/lmtt/m/n/10 ## 40                                                                                        Adquisicin de vehculos[] 
 []


Overfull \hbox (161.2821pt too wide) in paragraph at lines 1112--1112
[]\TU/lmtt/m/n/10 ## 41                                                                             Utilizacin de vehculos personales[] 
 []


Overfull \hbox (161.2821pt too wide) in paragraph at lines 1113--1113
[]\TU/lmtt/m/n/10 ## 42                                                                                         Servicios de transporte[] 
 []


Overfull \hbox (161.2821pt too wide) in paragraph at lines 1114--1114
[]\TU/lmtt/m/n/10 ## 43                                                                                      Equipos de telefona y fax[] 
 []


Overfull \hbox (161.2821pt too wide) in paragraph at lines 1115--1115
[]\TU/lmtt/m/n/10 ## 44                                                                          Servicios postales, de telefona y fax[] 
 []


Overfull \hbox (161.2821pt too wide) in paragraph at lines 1116--1116
[]\TU/lmtt/m/n/10 ## 45                                           Equipos audiovisuales, fotogrficos y de procesamiento de informacin[] 
 []


Overfull \hbox (161.2821pt too wide) in paragraph at lines 1117--1117
[]\TU/lmtt/m/n/10 ## 46 Otros bienes para el ocio, el deporte y la cultura (juegos, instrumentos musicales, jardinera, mascotas, etc.)[] 
 []


Overfull \hbox (161.2821pt too wide) in paragraph at lines 1118--1118
[]\TU/lmtt/m/n/10 ## 47                                                                  Servicios recreativos, deportivos y culturales[] 
 []


Overfull \hbox (161.2821pt too wide) in paragraph at lines 1119--1119
[]\TU/lmtt/m/n/10 ## 48                                                                         Prensa, libros y artculos de papelera[] 
 []


Overfull \hbox (161.2821pt too wide) in paragraph at lines 1120--1120
[]\TU/lmtt/m/n/10 ## 49                                                                                             Paquetes tursticos[] 
 []


Overfull \hbox (161.2821pt too wide) in paragraph at lines 1121--1121
[]\TU/lmtt/m/n/10 ## 50                                                                                   Enseanza Infantil y Primaria[] 
 []


Overfull \hbox (161.2821pt too wide) in paragraph at lines 1122--1122
[]\TU/lmtt/m/n/10 ## 51                                                               Enseanza Secundaria y Postsecundaria no Superior[] 
 []


Overfull \hbox (161.2821pt too wide) in paragraph at lines 1123--1123
[]\TU/lmtt/m/n/10 ## 52                                                                                              Enseanza Superior[] 
 []


Overfull \hbox (161.2821pt too wide) in paragraph at lines 1124--1124
[]\TU/lmtt/m/n/10 ## 53                                                                                Enseanzas no definida por nivel[] 
 []


Overfull \hbox (161.2821pt too wide) in paragraph at lines 1125--1125
[]\TU/lmtt/m/n/10 ## 54                                                                                        Restauracin y comedores[] 
 []


Overfull \hbox (161.2821pt too wide) in paragraph at lines 1126--1126
[]\TU/lmtt/m/n/10 ## 55                                                                                        Servicios de alojamiento[] 
 []


Overfull \hbox (161.2821pt too wide) in paragraph at lines 1127--1127
[]\TU/lmtt/m/n/10 ## 56                                                                                                Cuidado personal[] 
 []


Overfull \hbox (161.2821pt too wide) in paragraph at lines 1128--1128
[]\TU/lmtt/m/n/10 ## 57                                                                                     Efectos personales n.c.o.p.[] 
 []


Overfull \hbox (161.2821pt too wide) in paragraph at lines 1129--1129
[]\TU/lmtt/m/n/10 ## 58                                                                                               Proteccin social[] 
 []


Overfull \hbox (161.2821pt too wide) in paragraph at lines 1130--1130
[]\TU/lmtt/m/n/10 ## 59                                                                                                         Seguros[] 
 []


Overfull \hbox (161.2821pt too wide) in paragraph at lines 1131--1131
[]\TU/lmtt/m/n/10 ## 60                                                                                  Servicios financieros n.c.o.p.[] 
 []


Underfull \vbox (badness 10000) has occurred while \output is active []



[24]
Overfull \hbox (161.2821pt too wide) in paragraph at lines 1132--1132
[]\TU/lmtt/m/n/10 ## 61                                                                                        Otros servicios n.c.o.p.[] 
 []


Overfull \hbox (161.2821pt too wide) in paragraph at lines 1133--1133
[]\TU/lmtt/m/n/10 ## 62                                                                                                       Dato base[] 
 []


Overfull \hbox (161.2821pt too wide) in paragraph at lines 1134--1134
[]\TU/lmtt/m/n/10 ## 63                                                                              Variacin respecto al ao anterior[] 
 []


Overfull \hbox (161.2821pt too wide) in paragraph at lines 1135--1135
[]\TU/lmtt/m/n/10 ## 64                                                                                  Variacin respecto al ao base[] 
 []


Overfull \hbox (161.2821pt too wide) in paragraph at lines 1136--1136
[]\TU/lmtt/m/n/10 ## 65                                                                                                     Gasto total[] 
 []


Overfull \hbox (161.2821pt too wide) in paragraph at lines 1137--1137
[]\TU/lmtt/m/n/10 ## 66                                                                                         Distribucin porcentual[] 
 []


Overfull \hbox (161.2821pt too wide) in paragraph at lines 1138--1138
[]\TU/lmtt/m/n/10 ## 67                                                                                           Gasto medio por hogar[] 
 []


Overfull \hbox (161.2821pt too wide) in paragraph at lines 1139--1139
[]\TU/lmtt/m/n/10 ## 68                                                                                         Gasto medio por persona[] 
 []


Overfull \hbox (161.2821pt too wide) in paragraph at lines 1140--1140
[]\TU/lmtt/m/n/10 ## 69                                                                               Gasto medio por unidad de consumo[] 
 []


Underfull \vbox (badness 10000) has occurred while \output is active []



[25]

[26]

[27]
File: r_plotting_review_files/figure-latex/unnamed-chunk-27-1.pdf Graphic file (type pdf)
<use r_plotting_review_files/figure-latex/unnamed-chunk-27-1.pdf>


[28]
File: r_plotting_review_files/figure-latex/unnamed-chunk-29-1.pdf Graphic file (type pdf)
<use r_plotting_review_files/figure-latex/unnamed-chunk-29-1.pdf>

Underfull \vbox (badness 10000) has occurred while \output is active []



[29]
Overfull \hbox (86.47102pt too wide) in paragraph at lines 1448--1449
[]\TU/lmr/m/n/10 Usando \TU/lmtt/m/n/10 ineapir \TU/lmr/m/n/10 extraemos los datos usando el servicio API del INE. Ejecutando \TU/lmtt/m/n/10 get_metadata_table_varval(50902)
 []


Overfull \hbox (9.0321pt too wide) in paragraph at lines 1476--1476
[]\TU/lmtt/m/n/10 ##                                                                                Nombre[] 
 []



[30]
Overfull \hbox (9.0321pt too wide) in paragraph at lines 1477--1477
[]\TU/lmtt/m/n/10 ## 1                                                                      ndice general[] 
 []


Overfull \hbox (9.0321pt too wide) in paragraph at lines 1478--1478
[]\TU/lmtt/m/n/10 ## 2                                                  Alimentos y bebidas no alcohlicas[] 
 []


Overfull \hbox (9.0321pt too wide) in paragraph at lines 1479--1479
[]\TU/lmtt/m/n/10 ## 3                                                        Bebidas alcohlicas y tabaco[] 
 []


Overfull \hbox (9.0321pt too wide) in paragraph at lines 1480--1480
[]\TU/lmtt/m/n/10 ## 4                                                                   Vestido y calzado[] 
 []


Overfull \hbox (9.0321pt too wide) in paragraph at lines 1481--1481
[]\TU/lmtt/m/n/10 ## 5                              Vivienda, agua, electricidad, gas y otros combustibles[] 
 []


Overfull \hbox (9.0321pt too wide) in paragraph at lines 1482--1482
[]\TU/lmtt/m/n/10 ## 6  Muebles, artculos del hogar y artculos para el mantenimiento corriente del hogar[] 
 []


Overfull \hbox (9.0321pt too wide) in paragraph at lines 1483--1483
[]\TU/lmtt/m/n/10 ## 7                                                                             Sanidad[] 
 []


Overfull \hbox (9.0321pt too wide) in paragraph at lines 1484--1484
[]\TU/lmtt/m/n/10 ## 8                                                                          Transporte[] 
 []


Overfull \hbox (9.0321pt too wide) in paragraph at lines 1485--1485
[]\TU/lmtt/m/n/10 ## 9                                                                      Comunicaciones[] 
 []


Overfull \hbox (9.0321pt too wide) in paragraph at lines 1486--1486
[]\TU/lmtt/m/n/10 ## 10                                                                     Ocio y cultura[] 
 []


Overfull \hbox (9.0321pt too wide) in paragraph at lines 1487--1487
[]\TU/lmtt/m/n/10 ## 11                                                                          Enseanza[] 
 []


Overfull \hbox (9.0321pt too wide) in paragraph at lines 1488--1488
[]\TU/lmtt/m/n/10 ## 12                                                             Restaurantes y hoteles[] 
 []


Overfull \hbox (9.0321pt too wide) in paragraph at lines 1489--1489
[]\TU/lmtt/m/n/10 ## 13                                                           Otros bienes y servicios[] 
 []


Overfull \hbox (9.0321pt too wide) in paragraph at lines 1490--1490
[]\TU/lmtt/m/n/10 ## 14                                                                             ndice[] 
 []


Overfull \hbox (9.0321pt too wide) in paragraph at lines 1491--1491
[]\TU/lmtt/m/n/10 ## 15                                                                  Variacin mensual[] 
 []


Overfull \hbox (9.0321pt too wide) in paragraph at lines 1492--1492
[]\TU/lmtt/m/n/10 ## 16                                                                    Variacin anual[] 
 []


Overfull \hbox (9.0321pt too wide) in paragraph at lines 1493--1493
[]\TU/lmtt/m/n/10 ## 17                                                      Variacin en lo que va de ao[] 
 []



[31]
Overfull \hbox (35.2821pt too wide) in paragraph at lines 1574--1574
[]\TU/lmtt/m/n/10 ##                                                                                     Nombre[] 
 []


Overfull \hbox (35.2821pt too wide) in paragraph at lines 1575--1575
[]\TU/lmtt/m/n/10 ## 1                                                                           ndice general[] 
 []


Overfull \hbox (35.2821pt too wide) in paragraph at lines 1576--1576
[]\TU/lmtt/m/n/10 ## 2                                              Alimentos con elaboracin, bebidas y tabaco[] 
 []


Overfull \hbox (35.2821pt too wide) in paragraph at lines 1577--1577
[]\TU/lmtt/m/n/10 ## 3                                                                Alimentos sin elaboracin[] 
 []


Overfull \hbox (35.2821pt too wide) in paragraph at lines 1578--1578
[]\TU/lmtt/m/n/10 ## 4                                                                      Bienes industriales[] 
 []


Overfull \hbox (35.2821pt too wide) in paragraph at lines 1579--1579
[]\TU/lmtt/m/n/10 ## 5                                                       Servicios sin alquiler de vivienda[] 
 []


Overfull \hbox (35.2821pt too wide) in paragraph at lines 1580--1580
[]\TU/lmtt/m/n/10 ## 6                                                               Carburantes y combustibles[] 
 []


Overfull \hbox (35.2821pt too wide) in paragraph at lines 1581--1581
[]\TU/lmtt/m/n/10 ## 7                                                            Bienes industriales duraderos[] 
 []


Overfull \hbox (35.2821pt too wide) in paragraph at lines 1582--1582
[]\TU/lmtt/m/n/10 ## 8                                                                    Productos energticos[] 
 []


Overfull \hbox (35.2821pt too wide) in paragraph at lines 1583--1583
[]\TU/lmtt/m/n/10 ## 9                                                  General sin alimentos, bebidas y tabaco[] 
 []


Overfull \hbox (35.2821pt too wide) in paragraph at lines 1584--1584
[]\TU/lmtt/m/n/10 ## 10                                                        General sin alquiler de vivienda[] 
 []


Overfull \hbox (35.2821pt too wide) in paragraph at lines 1585--1585
[]\TU/lmtt/m/n/10 ## 11                                                 General sin carburantes ni combustibles[] 
 []


Overfull \hbox (35.2821pt too wide) in paragraph at lines 1586--1586
[]\TU/lmtt/m/n/10 ## 12                                                       General sin productos energticos[] 
 []


Overfull \hbox (35.2821pt too wide) in paragraph at lines 1587--1587
[]\TU/lmtt/m/n/10 ## 13                            General sin alimentos no elaborados ni productos energticos[] 
 []


Overfull \hbox (35.2821pt too wide) in paragraph at lines 1588--1588
[]\TU/lmtt/m/n/10 ## 14                                    General sin servicios (incluye alquiler de vivienda)[] 
 []


Overfull \hbox (35.2821pt too wide) in paragraph at lines 1589--1589
[]\TU/lmtt/m/n/10 ## 15                                           General sin servicios ni alquiler de vivienda[] 
 []


Overfull \hbox (35.2821pt too wide) in paragraph at lines 1590--1590
[]\TU/lmtt/m/n/10 ## 16                      General sin alimentos ni bebidas ni tabaco ni alquiler de vivienda[] 
 []


Overfull \hbox (35.2821pt too wide) in paragraph at lines 1591--1591
[]\TU/lmtt/m/n/10 ## 17               General sin alimentos ni bebidas ni tabaco ni carburantes ni combustibles[] 
 []


Overfull \hbox (35.2821pt too wide) in paragraph at lines 1592--1592
[]\TU/lmtt/m/n/10 ## 18                     General sin alimentos ni bebidas ni tabaco ni productos energticos[] 
 []


Overfull \hbox (35.2821pt too wide) in paragraph at lines 1593--1593
[]\TU/lmtt/m/n/10 ## 19 General sin alimentos ni bebidas ni tabaco ni servicios (incluido alquiler de vivienda)[] 
 []


Overfull \hbox (35.2821pt too wide) in paragraph at lines 1594--1594
[]\TU/lmtt/m/n/10 ## 20         General sin alimentos ni bebidas ni tabaco ni servicios ni alquiler de vivienda[] 
 []


Overfull \hbox (35.2821pt too wide) in paragraph at lines 1595--1595
[]\TU/lmtt/m/n/10 ## 21                                                        Bienes industriales no duraderos[] 
 []


Overfull \hbox (35.2821pt too wide) in paragraph at lines 1596--1596
[]\TU/lmtt/m/n/10 ## 22                                                                      General sin tabaco[] 
 []


Underfull \vbox (badness 10000) has occurred while \output is active []



[32]
Overfull \hbox (35.2821pt too wide) in paragraph at lines 1597--1597
[]\TU/lmtt/m/n/10 ## 23                                                                     Alimentos y bebidas[] 
 []


Overfull \hbox (35.2821pt too wide) in paragraph at lines 1598--1598
[]\TU/lmtt/m/n/10 ## 24                                                                    Alimentos elaborados[] 
 []


Overfull \hbox (35.2821pt too wide) in paragraph at lines 1599--1599
[]\TU/lmtt/m/n/10 ## 25                                                         Bienes industriales sin energa[] 
 []


Overfull \hbox (35.2821pt too wide) in paragraph at lines 1600--1600
[]\TU/lmtt/m/n/10 ## 26                                                                               Servicios[] 
 []


Overfull \hbox (35.2821pt too wide) in paragraph at lines 1601--1601
[]\TU/lmtt/m/n/10 ## 27                                                             Alimentos, bebidas y tabaco[] 
 []


Overfull \hbox (35.2821pt too wide) in paragraph at lines 1602--1602
[]\TU/lmtt/m/n/10 ## 28                                         Alimentos no elaborados y productos energticos[] 
 []


Overfull \hbox (35.2821pt too wide) in paragraph at lines 1603--1603
[]\TU/lmtt/m/n/10 ## 29                                           Bienes industriales sin productos energticos[] 
 []


Overfull \hbox (35.2821pt too wide) in paragraph at lines 1604--1604
[]\TU/lmtt/m/n/10 ## 30                                        General sin carburantes ni combustibles lquidos[] 
 []


Overfull \hbox (35.2821pt too wide) in paragraph at lines 1605--1605
[]\TU/lmtt/m/n/10 ## 31                                                                                  ndice[] 
 []


Overfull \hbox (35.2821pt too wide) in paragraph at lines 1606--1606
[]\TU/lmtt/m/n/10 ## 32                                                                       Variacin mensual[] 
 []


Overfull \hbox (35.2821pt too wide) in paragraph at lines 1607--1607
[]\TU/lmtt/m/n/10 ## 33                                                                         Variacin anual[] 
 []


Overfull \hbox (35.2821pt too wide) in paragraph at lines 1608--1608
[]\TU/lmtt/m/n/10 ## 34                                                           Variacin en lo que va de ao[] 
 []



[33]

LaTeX Font Warning: Font shape `TU/lmtt/bx/it' in size <10> not available
(Font)              Font shape `TU/lmtt/b/sl' tried instead on input line 1681.

File: r_plotting_review_files/figure-latex/unnamed-chunk-31-1.pdf Graphic file (type pdf)
<use r_plotting_review_files/figure-latex/unnamed-chunk-31-1.pdf>

Underfull \vbox (badness 10000) has occurred while \output is active []



[34]
Overfull \hbox (81.22102pt too wide) in paragraph at lines 1716--1717
[]\TU/lmr/m/n/10 Usando \TU/lmtt/m/n/10 ineapir \TU/lmr/m/n/10 extraemos los datos usando el servicio API del INE. Ejecutando \TU/lmtt/m/n/10 get_metadata_table_varval(2915)
 []



[35]
File: r_plotting_review_files/figure-latex/unnamed-chunk-34-1.pdf Graphic file (type pdf)
<use r_plotting_review_files/figure-latex/unnamed-chunk-34-1.pdf>

Underfull \vbox (badness 10000) has occurred while \output is active []



[36]
Underfull \hbox (badness 2042) in paragraph at lines 1809--1810
\TU/lmr/m/n/10 Este tipo de grfico es poco conocido pero muy til para visualizar ciertos fenmenos so-
 []


Overfull \hbox (86.47102pt too wide) in paragraph at lines 1818--1819
[]\TU/lmr/m/n/10 Usando \TU/lmtt/m/n/10 ineapir \TU/lmr/m/n/10 extraemos los datos usando el servicio API del INE. Ejecutando \TU/lmtt/m/n/10 get_metadata_table_varval(66257)
 []



[37]

[38]
File: r_plotting_review_files/figure-latex/unnamed-chunk-38-1.pdf Graphic file (type pdf)
<use r_plotting_review_files/figure-latex/unnamed-chunk-38-1.pdf>


[39]

[40

]
Captulo 5.


[41]

[42

]
Captulo 6.


[43]

[44

]
Captulo 7.


[45]
Overfull \hbox (81.33102pt too wide) in paragraph at lines 2101--2102
[]\TU/lmr/m/n/10 Usando \TU/lmtt/m/n/10 ineapir \TU/lmr/m/n/10 extraemos los datos usando el servicio API del INE. Aplicando \TU/lmtt/m/n/10 get_metadata_table_varval(27154)
 []



[46]

[47]
File: fig/caution.png Graphic file (type bmp)
<fig/caution.png>


[48]
File: r_plotting_review_files/figure-latex/unnamed-chunk-41-1.pdf Graphic file (type pdf)
<use r_plotting_review_files/figure-latex/unnamed-chunk-41-1.pdf>

Overfull \hbox (86.47102pt too wide) in paragraph at lines 2285--2286
[]\TU/lmr/m/n/10 Usando \TU/lmtt/m/n/10 ineapir \TU/lmr/m/n/10 extraemos los datos usando el servicio API del INE. Ejecutando \TU/lmtt/m/n/10 get_metadata_table_varval(13930)
 []



[49]

[50]
File: fig/caution.png Graphic file (type bmp)
<fig/caution.png>


[51]
File: r_plotting_review_files/figure-latex/unnamed-chunk-45-1.pdf Graphic file (type pdf)
<use r_plotting_review_files/figure-latex/unnamed-chunk-45-1.pdf>


[52]

[53

]

[54]
Appendix A.


[55

]

[56]

[57

] (./r_plotting_review.aux)
 ***********
LaTeX2e <2024-06-01> patch level 2
L3 programming layer <2024-10-09>
 ***********
Package logreq Info: Writing requests to 'r_plotting_review.run.xml'.
\openout1 = `r_plotting_review.run.xml'.

 ) 
Here is how much of TeX's memory you used:
 38510 strings out of 476232
 781864 string characters out of 5786174
 1884431 words of memory out of 5000000
 60509 multiletter control sequences out of 15000+600000
 564592 words of font info for 98 fonts, out of 8000000 for 9000
 14 hyphenation exceptions out of 8191
 98i,8n,123p,989b,5514s stack positions out of 10000i,1000n,20000p,200000b,200000s

Output written on r_plotting_review.pdf (57 pages).
